nohup: ignoring input
ðŸ” Generated authentication credentials:
UID: 68a9e3eada90ad3b12372399
SID: 116e56291077d2b344882d56fb2be572
[2025-08-23T15:53:14.650Z] [INFO] [DEV] === metaso.cn ä»£ç†æœåŠ¡å™¨å·²å¯åŠ¨ ===
[2025-08-23T15:53:14.651Z] [INFO] [DEV] çŽ¯å¢ƒ: Development
[2025-08-23T15:53:14.651Z] [INFO] [DEV] æ—¥å¿—çº§åˆ«: DEBUG
[2025-08-23T15:53:14.651Z] [INFO] [DEV] ç›‘å¬ç«¯å£: 10101
[2025-08-23T15:53:14.651Z] [INFO] [DEV] è®¿é—®åœ°å€: http://localhost:10101
[2025-08-23T15:53:14.651Z] [INFO] [DEV] é™æ€èµ„æº: http://localhost:10101/static/
[2025-08-23T15:53:14.651Z] [INFO] [DEV] ä»£ç†ç›®æ ‡: https://metaso.cn
[2025-08-23T15:53:14.651Z] [INFO] [DEV] ==============================
[2025-08-23T15:53:14.651Z] [INFO] [DEV] åŠŸèƒ½è¯´æ˜Ž:
[2025-08-23T15:53:14.651Z] [INFO] [DEV] - âœ“ ç§»é™¤CSPå’ŒX-Frame-Optionså¤´
[2025-08-23T15:53:14.651Z] [INFO] [DEV] - âœ“ åˆ é™¤å¾®ä¿¡ç™»å½•ç›¸å…³å…ƒç´ 
[2025-08-23T15:53:14.651Z] [INFO] [DEV] - âœ“ æ³¨å…¥localStorageæŽˆæƒä¿¡æ¯
[2025-08-23T15:53:14.651Z] [INFO] [DEV] - âœ“ é™æ€èµ„æºæœ¬åœ°åŒ–æœåŠ¡
[2025-08-23T15:53:14.651Z] [INFO] [DEV] - âœ“ iframeå…¼å®¹æ€§å¤„ç†
[2025-08-23T15:53:14.651Z] [INFO] [DEV] å·²ç§»é™¤ metaso.cn_files ç›¸å…³çš„é™æ€èµ„æºåŠ è½½é€»è¾‘
ðŸ” [APIæ‹¦æˆª] æ‹¦æˆªåˆ°searchV2è¯·æ±‚
ðŸ” [APIæ‹¦æˆª] è¯·æ±‚æ–¹æ³•: POST
ðŸ” [APIæ‹¦æˆª] æŸ¥è¯¢å‚æ•°: {}
ðŸ” [APIæ‹¦æˆª] ä»ŽRefereræå–å‚æ•° (åŽŸå§‹): { scope: 'æ³¥æ²™çŸ¥è¯†', kits: null }
ðŸ” [APIæ‹¦æˆª] Referer URL: http://localhost:10101/search/test-id?scope=%E6%B3%A5%E6%B2%99%E7%9F%A5%E8%AF%86&question=%E6%8E%92%E6%B2%99%E6%B4%9E%E8%BF%90%E7%94%A8%E9%99%90%E5%88%B6%E6%9D%A1%E4%BB%B6
ðŸŽ¯ [APIæ‹¦æˆª] è®¾ç½®scopeå¤´: æ³¥æ²™çŸ¥è¯† (ç¼–ç åŽ: %E6%B3%A5%E6%B2%99%E7%9F%A5%E8%AF%86 )
ðŸ” [APIæ‹¦æˆª] æ£€æµ‹åˆ°searchV2 APIè¯·æ±‚
ðŸ” [APIæ‹¦æˆª] ä»Žè¯·æ±‚ä¸­æå–å‚æ•°: { scope: '%E6%B3%A5%E6%B2%99%E7%9F%A5%E8%AF%86', kits: undefined }
ðŸŽ¯ [APIæ‹¦æˆª] æ³¨å…¥scopeå‚æ•°: æ³¥æ²™çŸ¥è¯†
å·²ä¸ºAPIè¯·æ±‚ /api/searchV2 æ·»åŠ è®¤è¯ä¿¡æ¯ (Bearer mk-4A9944E6F3917711EFCF7B772BC3A5AE)

=== ä»£ç†è¯·æ±‚ /api/searchV2 ===

=== URLè·¯å¾„è§£æž ===
åŽŸå§‹è·¯å¾„: /api/searchV2
åŽŸå§‹æŸ¥è¯¢å‚æ•°: {}
ç›®æ ‡è·¯å¾„: /api/searchV2
===================

ðŸ” [è¯·æ±‚ä½“æ‹¦æˆª] å¤„ç†searchV2è¯·æ±‚ä½“
ðŸ” [è¯·æ±‚ä½“æ‹¦æˆª] åŽŸå§‹è¯·æ±‚ä½“: {"question":"æŽ’æ²™æ´žè¿ç”¨é™åˆ¶æ¡ä»¶","scope":"å…¨ç½‘","kits":"æžé€Ÿ"}
ðŸ” [è¯·æ±‚ä½“æ‹¦æˆª] è§£æžåŽçš„æ•°æ®: { question: 'æŽ’æ²™æ´žè¿ç”¨é™åˆ¶æ¡ä»¶', scope: 'å…¨ç½‘', kits: 'æžé€Ÿ' }
ðŸŽ¯ [è¯·æ±‚ä½“æ‹¦æˆª] æ³¨å…¥scopeå‚æ•°: æ³¥æ²™çŸ¥è¯†
ðŸ” [è¯·æ±‚ä½“æ‹¦æˆª] ä¿®æ”¹åŽçš„è¯·æ±‚ä½“: {"question":"æŽ’æ²™æ´žè¿ç”¨é™åˆ¶æ¡ä»¶","scope":"æ³¥æ²™çŸ¥è¯†","kits":"æžé€Ÿ"}
\n=== å¤„ç†å“åº”æ•°æ® /api/searchV2 ===
Content-Type: text/event-stream;charset=UTF-8
æ•°æ®å¤§å°: 105
éžHTMLå“åº”ï¼Œç›´æŽ¥è¿”å›ž

=== ä»£ç†è¯·æ±‚ / ===

=== URLè·¯å¾„è§£æž ===
åŽŸå§‹è·¯å¾„: /
åŽŸå§‹æŸ¥è¯¢å‚æ•°: {
  q: 'æŽ’æ²™æ´žè¿ç”¨é™åˆ¶æ¡ä»¶',
  scope: 'æ³¥æ²™çŸ¥è¯†',
  id: 'e37bff73-12ce-4f4d-bb2c-2fddfd78c67c',
  vscodeBrowserReqId: '1755964430957'
}
ðŸ“‹ ä¿ç•™å‚æ•°: q = æŽ’æ²™æ´žè¿ç”¨é™åˆ¶æ¡ä»¶
ðŸ“‹ ä¿ç•™å‚æ•°: scope = æ³¥æ²™çŸ¥è¯†
ðŸ“‹ ä¿ç•™å‚æ•°: id = e37bff73-12ce-4f4d-bb2c-2fddfd78c67c
ðŸ“‹ ä¿ç•™å‚æ•°: vscodeBrowserReqId = 1755964430957
ç›®æ ‡è·¯å¾„: /?q=%E6%8E%92%E6%B2%99%E6%B4%9E%E8%BF%90%E7%94%A8%E9%99%90%E5%88%B6%E6%9D%A1%E4%BB%B6&scope=%E6%B3%A5%E6%B2%99%E7%9F%A5%E8%AF%86&id=e37bff73-12ce-4f4d-bb2c-2fddfd78c67c&vscodeBrowserReqId=1755964430957
===================

\n=== å¤„ç†å“åº”æ•°æ® / ===
Content-Type: 
æ•°æ®å¤§å°: 251
éžHTMLå“åº”ï¼Œç›´æŽ¥è¿”å›ž
å·²ä¸º/search/è¯·æ±‚å¤„ç†: /search/f44ae54d-6fd5-425e-8da1-687bfc5f5fb8 å®Œæ•´URL: /search/f44ae54d-6fd5-425e-8da1-687bfc5f5fb8?scope=%E6%B3%A5%E6%B2%99%E7%9F%A5%E8%AF%86&id=e37bff73-12ce-4f4d-bb2c-2fddfd78c67c&vscodeBrowserReqId=1755964430957&question=%E6%8E%92%E6%B2%99%E6%B4%9E%E8%BF%90%E7%94%A8%E9%99%90%E5%88%B6%E6%9D%A1%E4%BB%B6

=== ä»£ç†è¯·æ±‚ /search/f44ae54d-6fd5-425e-8da1-687bfc5f5fb8 ===

=== URLè·¯å¾„è§£æž ===
åŽŸå§‹è·¯å¾„: /search/f44ae54d-6fd5-425e-8da1-687bfc5f5fb8
åŽŸå§‹æŸ¥è¯¢å‚æ•°: {
  scope: 'æ³¥æ²™çŸ¥è¯†',
  id: 'e37bff73-12ce-4f4d-bb2c-2fddfd78c67c',
  vscodeBrowserReqId: '1755964430957',
  question: 'æŽ’æ²™æ´žè¿ç”¨é™åˆ¶æ¡ä»¶'
}
ðŸ“‹ ä¿ç•™å‚æ•°: scope = æ³¥æ²™çŸ¥è¯†
ðŸ“‹ ä¿ç•™å‚æ•°: id = e37bff73-12ce-4f4d-bb2c-2fddfd78c67c
ðŸ“‹ ä¿ç•™å‚æ•°: vscodeBrowserReqId = 1755964430957
ðŸ“‹ ä¿ç•™å‚æ•°: question = æŽ’æ²™æ´žè¿ç”¨é™åˆ¶æ¡ä»¶
ç›®æ ‡è·¯å¾„: /search/f44ae54d-6fd5-425e-8da1-687bfc5f5fb8?scope=%E6%B3%A5%E6%B2%99%E7%9F%A5%E8%AF%86&id=e37bff73-12ce-4f4d-bb2c-2fddfd78c67c&vscodeBrowserReqId=1755964430957&question=%E6%8E%92%E6%B2%99%E6%B4%9E%E8%BF%90%E7%94%A8%E9%99%90%E5%88%B6%E6%9D%A1%E4%BB%B6
===================

\n=== å¤„ç†å“åº”æ•°æ® /search/f44ae54d-6fd5-425e-8da1-687bfc5f5fb8 ===
Content-Type: text/html; charset=utf-8
æ•°æ®å¤§å°: 128999
å¤„ç†HTMLå“åº”...
[2025-08-23T15:53:51.427Z] [INFO] [DEV] å¤„ç†HTMLè¯·æ±‚: /search/f44ae54d-6fd5-425e-8da1-687bfc5f5fb8
[2025-08-23T15:53:51.430Z] [DEBUG] [DEV] å·²ç§»é™¤CSP metaæ ‡ç­¾
[2025-08-23T15:53:51.431Z] [DEBUG] [DEV] å·²ä¿®æ”¹é¡µé¢æ ‡é¢˜
[2025-08-23T15:53:51.431Z] [DEBUG] [DEV] å·²ä¿®æ”¹metaæè¿°
[2025-08-23T15:53:51.432Z] [DEBUG] [DEV] å·²ç§»é™¤å¹¿å‘Šç›¸å…³metaæ ‡ç­¾
[2025-08-23T15:53:51.433Z] [DEBUG] [DEV] å·²ç§»é™¤å¹¿å‘Šç›¸å…³metaæ ‡ç­¾
[2025-08-23T15:53:51.434Z] [DEBUG] [DEV] å·²æ ‡è®°apple-touch-iconä¸ºéšè—
[2025-08-23T15:53:51.434Z] [INFO] [DEV] å¤„ç†é¡µé¢: /search/f44ae54d-6fd5-425e-8da1-687bfc5f5fb8ï¼Œæ³¨å…¥é€šç”¨æŽˆæƒè„šæœ¬...
[2025-08-23T15:53:51.439Z] [INFO] [DEV] å·²ä¸ºé¡µé¢ /search/f44ae54d-6fd5-425e-8da1-687bfc5f5fb8 æ³¨å…¥é€šç”¨æŽˆæƒè„šæœ¬
[2025-08-23T15:53:51.440Z] [INFO] [DEV] è·³è¿‡æœåŠ¡ç«¯CSSæ³¨å…¥ä»¥é¿å…React hydrationå†²çª
[2025-08-23T15:53:51.441Z] [INFO] [DEV] å·²æ³¨å…¥é¡µé¢ä¼˜åŒ–CSS
[2025-08-23T15:53:51.441Z] [DEBUG] [DEV] å¤„ç†style: https://static-1.metaso.cn/_next/static/css/44be927df5c0115a.css -> /static/metaso_files/44be927df5c0115a.css
[2025-08-23T15:53:51.442Z] [DEBUG] [DEV] å¤„ç†style: https://static-1.metaso.cn/_next/static/css/718de369b3718e96.css -> /static/metaso_files/718de369b3718e96.css
[2025-08-23T15:53:51.442Z] [DEBUG] [DEV] å¤„ç†style: https://static-1.metaso.cn/_next/static/css/06379910118566c4.css -> /static/metaso_files/06379910118566c4.css
[2025-08-23T15:53:51.442Z] [DEBUG] [DEV] å¤„ç†style: https://static-1.metaso.cn/_next/static/css/4b981a1c10fc7662.css -> /static/metaso_files/4b981a1c10fc7662.css
[2025-08-23T15:53:51.442Z] [DEBUG] [DEV] å¤„ç†style: https://static-1.metaso.cn/_next/static/css/c7b14dd3464bc6bc.css -> /static/metaso_files/c7b14dd3464bc6bc.css
[2025-08-23T15:53:51.442Z] [DEBUG] [DEV] å¤„ç†style: https://static-1.metaso.cn/_next/static/css/fd9c8f1a1f156022.css -> /static/metaso_files/fd9c8f1a1f156022.css
[2025-08-23T15:53:51.442Z] [DEBUG] [DEV] å¤„ç†style: https://static-1.metaso.cn/_next/static/css/4380e58d55dc1754.css -> /static/metaso_files/4380e58d55dc1754.css
[2025-08-23T15:53:51.443Z] [DEBUG] [DEV] å¤„ç†style: https://static-1.metaso.cn/_next/static/css/476371466b81ac5d.css -> /static/metaso_files/476371466b81ac5d.css
[2025-08-23T15:53:51.443Z] [DEBUG] [DEV] å¤„ç†style: https://static-1.metaso.cn/_next/static/css/4d03c0b85e741e00.css -> /static/metaso_files/4d03c0b85e741e00.css
[2025-08-23T15:53:51.443Z] [DEBUG] [DEV] å¤„ç†style: https://static-1.metaso.cn/_next/static/css/1c9d5a7fe24f080c.css -> /static/metaso_files/1c9d5a7fe24f080c.css
[2025-08-23T15:53:51.443Z] [DEBUG] [DEV] å¤„ç†style: https://static-1.metaso.cn/_next/static/css/17397bcee0f1d8e4.css -> /static/metaso_files/17397bcee0f1d8e4.css
[2025-08-23T15:53:51.443Z] [DEBUG] [DEV] å¤„ç†style: https://static-1.metaso.cn/_next/static/css/6355515e57be4dec.css -> /static/metaso_files/6355515e57be4dec.css
[2025-08-23T15:53:51.443Z] [DEBUG] [DEV] å¤„ç†style: https://static-1.metaso.cn/_next/static/css/989728043fb16b13.css -> /static/metaso_files/989728043fb16b13.css
[2025-08-23T15:53:51.443Z] [DEBUG] [DEV] å¤„ç†style: https://static-1.metaso.cn/_next/static/css/a63b41ff574c0551.css -> /static/metaso_files/a63b41ff574c0551.css
[2025-08-23T15:53:51.443Z] [DEBUG] [DEV] å¤„ç†style: https://static-1.metaso.cn/_next/static/css/c300ab4cc6461f9a.css -> /static/metaso_files/c300ab4cc6461f9a.css
[2025-08-23T15:53:51.443Z] [DEBUG] [DEV] å¤„ç†style: https://static-1.metaso.cn/_next/static/css/eda7cf23c5757d28.css -> /static/metaso_files/eda7cf23c5757d28.css
[2025-08-23T15:53:51.443Z] [DEBUG] [DEV] å¤„ç†style: https://static-1.metaso.cn/_next/static/css/7fa01961addfec37.css -> /static/metaso_files/7fa01961addfec37.css
[2025-08-23T15:53:51.444Z] [DEBUG] [DEV] å¤„ç†style: https://static-1.metaso.cn/_next/static/css/cf4ae6038b16b47c.css -> /static/metaso_files/cf4ae6038b16b47c.css
[2025-08-23T15:53:51.444Z] [DEBUG] [DEV] å¤„ç†style: https://static-1.metaso.cn/static/all.min.css -> /static/metaso_files/all.min.css
[2025-08-23T15:53:51.444Z] [DEBUG] [DEV] å¤„ç†script: https://static-1.metaso.cn/_next/static/chunks/23362-2bb0da0da92b2600.js -> /static/metaso_files/23362-2bb0da0da92b2600.js
[2025-08-23T15:53:51.445Z] [DEBUG] [DEV] å¤„ç†script: https://static-1.metaso.cn/_next/static/chunks/main-app-20a8b302c38c77ce.js -> /static/metaso_files/main-app-20a8b302c38c77ce.js
[2025-08-23T15:53:51.445Z] [DEBUG] [DEV] å¤„ç†script: https://static-1.metaso.cn/_next/static/chunks/67254-940a8aed57bbb279.js -> /static/metaso_files/67254-940a8aed57bbb279.js
[2025-08-23T15:53:51.445Z] [DEBUG] [DEV] å¤„ç†script: https://static-1.metaso.cn/_next/static/chunks/78693-05c8cf67f35a8eed.js -> /static/metaso_files/78693-05c8cf67f35a8eed.js
[2025-08-23T15:53:51.445Z] [DEBUG] [DEV] å¤„ç†script: https://static-1.metaso.cn/_next/static/chunks/78130-d0ec469e513f9de9.js -> /static/metaso_files/78130-d0ec469e513f9de9.js
[2025-08-23T15:53:51.445Z] [DEBUG] [DEV] å¤„ç†script: https://static-1.metaso.cn/_next/static/chunks/46387-6e0fee05ba56d019.js -> /static/metaso_files/46387-6e0fee05ba56d019.js
[2025-08-23T15:53:51.445Z] [DEBUG] [DEV] å¤„ç†script: https://static-1.metaso.cn/_next/static/chunks/53410-acd62d5acfd208da.js -> /static/metaso_files/53410-acd62d5acfd208da.js
[2025-08-23T15:53:51.445Z] [DEBUG] [DEV] å¤„ç†script: https://static-1.metaso.cn/_next/static/chunks/57587-7d6ac5ec8af7492a.js -> /static/metaso_files/57587-7d6ac5ec8af7492a.js
[2025-08-23T15:53:51.445Z] [DEBUG] [DEV] å¤„ç†script: https://static-1.metaso.cn/_next/static/chunks/80871-180e9c8413e9b6c5.js -> /static/metaso_files/80871-180e9c8413e9b6c5.js
[2025-08-23T15:53:51.445Z] [DEBUG] [DEV] å¤„ç†script: https://static-1.metaso.cn/_next/static/chunks/34138-120e14937936bc12.js -> /static/metaso_files/34138-120e14937936bc12.js
[2025-08-23T15:53:51.445Z] [DEBUG] [DEV] å¤„ç†script: https://static-1.metaso.cn/_next/static/chunks/94746-33392302932de045.js -> /static/metaso_files/94746-33392302932de045.js
[2025-08-23T15:53:51.445Z] [DEBUG] [DEV] å¤„ç†script: https://static-1.metaso.cn/_next/static/chunks/77919-44f58c1942b36fa1.js -> /static/metaso_files/77919-44f58c1942b36fa1.js
[2025-08-23T15:53:51.445Z] [DEBUG] [DEV] å¤„ç†script: https://static-1.metaso.cn/_next/static/chunks/64293-d29ae411186ce204.js -> /static/metaso_files/64293-d29ae411186ce204.js
[2025-08-23T15:53:51.445Z] [DEBUG] [DEV] å¤„ç†script: https://static-1.metaso.cn/_next/static/chunks/94786-e6414b968c83da1e.js -> /static/metaso_files/94786-e6414b968c83da1e.js
[2025-08-23T15:53:51.445Z] [DEBUG] [DEV] å¤„ç†script: https://static-1.metaso.cn/_next/static/chunks/32525-c966770c9b915c07.js -> /static/metaso_files/32525-c966770c9b915c07.js
[2025-08-23T15:53:51.445Z] [DEBUG] [DEV] å¤„ç†script: https://static-1.metaso.cn/_next/static/chunks/90077-8e04ae93aae0934b.js -> /static/metaso_files/90077-8e04ae93aae0934b.js
[2025-08-23T15:53:51.445Z] [DEBUG] [DEV] å¤„ç†script: https://static-1.metaso.cn/_next/static/chunks/39155-2b2920d93a1d04b3.js -> /static/metaso_files/39155-2b2920d93a1d04b3.js
[2025-08-23T15:53:51.445Z] [DEBUG] [DEV] å¤„ç†script: https://static-1.metaso.cn/_next/static/chunks/59832-d49e6d9b6d1bf30d.js -> /static/metaso_files/59832-d49e6d9b6d1bf30d.js
[2025-08-23T15:53:51.445Z] [DEBUG] [DEV] å¤„ç†script: https://static-1.metaso.cn/_next/static/chunks/71632-29f7b73a9b9a2d7d.js -> /static/metaso_files/71632-29f7b73a9b9a2d7d.js
[2025-08-23T15:53:51.445Z] [DEBUG] [DEV] å¤„ç†script: https://static-1.metaso.cn/_next/static/chunks/72972-67fd37e31d8b098f.js -> /static/metaso_files/72972-67fd37e31d8b098f.js
[2025-08-23T15:53:51.445Z] [DEBUG] [DEV] å¤„ç†script: https://static-1.metaso.cn/_next/static/chunks/15438-6e53d6b116a19592.js -> /static/metaso_files/15438-6e53d6b116a19592.js
[2025-08-23T15:53:51.445Z] [DEBUG] [DEV] å¤„ç†script: https://static-1.metaso.cn/_next/static/chunks/33145-2a36d6e88abb2b4e.js -> /static/metaso_files/33145-2a36d6e88abb2b4e.js
[2025-08-23T15:53:51.445Z] [DEBUG] [DEV] å¤„ç†script: https://static-1.metaso.cn/_next/static/chunks/53335-0a6762024c63fc4d.js -> /static/metaso_files/53335-0a6762024c63fc4d.js
[2025-08-23T15:53:51.445Z] [DEBUG] [DEV] å¤„ç†script: https://static-1.metaso.cn/_next/static/chunks/46746-29296ab7666d15cb.js -> /static/metaso_files/46746-29296ab7666d15cb.js
[2025-08-23T15:53:51.445Z] [DEBUG] [DEV] å¤„ç†script: https://static-1.metaso.cn/_next/static/chunks/48467-12d5ea2a65c4de94.js -> /static/metaso_files/48467-12d5ea2a65c4de94.js
[2025-08-23T15:53:51.445Z] [DEBUG] [DEV] å¤„ç†script: https://static-1.metaso.cn/_next/static/chunks/52657-2208096816534d17.js -> /static/metaso_files/52657-2208096816534d17.js
[2025-08-23T15:53:51.445Z] [DEBUG] [DEV] å¤„ç†script: https://static-1.metaso.cn/_next/static/chunks/35398-74b134348dfc1c52.js -> /static/metaso_files/35398-74b134348dfc1c52.js
[2025-08-23T15:53:51.445Z] [DEBUG] [DEV] å¤„ç†script: https://static-1.metaso.cn/_next/static/chunks/97404-8a7a9c5121263977.js -> /static/metaso_files/97404-8a7a9c5121263977.js
[2025-08-23T15:53:51.445Z] [DEBUG] [DEV] å¤„ç†script: https://static-1.metaso.cn/_next/static/chunks/32796-0811ab2626a72d4d.js -> /static/metaso_files/32796-0811ab2626a72d4d.js
[2025-08-23T15:53:51.445Z] [DEBUG] [DEV] å¤„ç†script: https://static-1.metaso.cn/_next/static/chunks/99205-8204b6fafb4fb2dd.js -> /static/metaso_files/99205-8204b6fafb4fb2dd.js
[2025-08-23T15:53:51.445Z] [DEBUG] [DEV] å¤„ç†script: https://static-1.metaso.cn/_next/static/chunks/10638-7d443197d5f76134.js -> /static/metaso_files/10638-7d443197d5f76134.js
[2025-08-23T15:53:51.446Z] [DEBUG] [DEV] å¤„ç†script: https://static-1.metaso.cn/_next/static/chunks/43646-cc5bbe3d173714f4.js -> /static/metaso_files/43646-cc5bbe3d173714f4.js
[2025-08-23T15:53:51.446Z] [DEBUG] [DEV] å¤„ç†script: https://static-1.metaso.cn/_next/static/chunks/10261-0f67b2c549a22b5a.js -> /static/metaso_files/10261-0f67b2c549a22b5a.js
[2025-08-23T15:53:51.446Z] [DEBUG] [DEV] å¤„ç†script: https://static-1.metaso.cn/_next/static/chunks/48022-e77d84c657c8ee89.js -> /static/metaso_files/48022-e77d84c657c8ee89.js
[2025-08-23T15:53:51.446Z] [DEBUG] [DEV] å¤„ç†script: https://static-1.metaso.cn/_next/static/chunks/30470-d5cc180baac1e423.js -> /static/metaso_files/30470-d5cc180baac1e423.js
[2025-08-23T15:53:51.446Z] [DEBUG] [DEV] å¤„ç†script: https://static-1.metaso.cn/_next/static/chunks/71342-2379156689aeb593.js -> /static/metaso_files/71342-2379156689aeb593.js
[2025-08-23T15:53:51.446Z] [DEBUG] [DEV] å¤„ç†script: https://static-1.metaso.cn/_next/static/chunks/42905-61102521bc5f34d6.js -> /static/metaso_files/42905-61102521bc5f34d6.js
[2025-08-23T15:53:51.446Z] [DEBUG] [DEV] å¤„ç†script: https://static-1.metaso.cn/_next/static/chunks/87909-654eca7681cd0754.js -> /static/metaso_files/87909-654eca7681cd0754.js
[2025-08-23T15:53:51.446Z] [DEBUG] [DEV] å¤„ç†script: https://static-1.metaso.cn/_next/static/chunks/92799-07acc92217cb6486.js -> /static/metaso_files/92799-07acc92217cb6486.js
[2025-08-23T15:53:51.446Z] [DEBUG] [DEV] å¤„ç†script: https://static-1.metaso.cn/_next/static/chunks/98266-5f4431951c77e57f.js -> /static/metaso_files/98266-5f4431951c77e57f.js
[2025-08-23T15:53:51.446Z] [DEBUG] [DEV] å¤„ç†script: https://static-1.metaso.cn/_next/static/chunks/4274-360f07a52b91cd74.js -> /static/metaso_files/4274-360f07a52b91cd74.js
[2025-08-23T15:53:51.446Z] [DEBUG] [DEV] å¤„ç†script: https://static-1.metaso.cn/_next/static/chunks/53820-dd0182663e98f9c7.js -> /static/metaso_files/53820-dd0182663e98f9c7.js
[2025-08-23T15:53:51.446Z] [DEBUG] [DEV] å¤„ç†script: https://static-1.metaso.cn/_next/static/chunks/83724-20a034ff183c52e5.js -> /static/metaso_files/83724-20a034ff183c52e5.js
[2025-08-23T15:53:51.446Z] [DEBUG] [DEV] å¤„ç†script: https://static-1.metaso.cn/_next/static/chunks/26948-96bdce4bb05194d8.js -> /static/metaso_files/26948-96bdce4bb05194d8.js
[2025-08-23T15:53:51.446Z] [DEBUG] [DEV] å¤„ç†script: https://static-1.metaso.cn/_next/static/chunks/95171-4bc92e1041a71fcb.js -> /static/metaso_files/95171-4bc92e1041a71fcb.js
[2025-08-23T15:53:51.446Z] [DEBUG] [DEV] å¤„ç†script: https://static-1.metaso.cn/_next/static/chunks/96339-f2b90b54fe6dade5.js -> /static/metaso_files/96339-f2b90b54fe6dade5.js
[2025-08-23T15:53:51.446Z] [DEBUG] [DEV] å¤„ç†script: https://static-1.metaso.cn/_next/static/chunks/15708-687166351a7c980b.js -> /static/metaso_files/15708-687166351a7c980b.js
[2025-08-23T15:53:51.446Z] [DEBUG] [DEV] å¤„ç†script: https://static-1.metaso.cn/_next/static/chunks/88872-f9eec766d850e20a.js -> /static/metaso_files/88872-f9eec766d850e20a.js
[2025-08-23T15:53:51.446Z] [DEBUG] [DEV] å¤„ç†script: https://static-1.metaso.cn/_next/static/chunks/69161-32c467490f12c52c.js -> /static/metaso_files/69161-32c467490f12c52c.js
[2025-08-23T15:53:51.446Z] [DEBUG] [DEV] å¤„ç†script: https://static-1.metaso.cn/_next/static/chunks/84277-b77770e6e715cd3c.js -> /static/metaso_files/84277-b77770e6e715cd3c.js
[2025-08-23T15:53:51.446Z] [DEBUG] [DEV] å¤„ç†script: https://static-1.metaso.cn/_next/static/chunks/24757-d0cdc48925a30372.js -> /static/metaso_files/24757-d0cdc48925a30372.js
[2025-08-23T15:53:51.446Z] [DEBUG] [DEV] å¤„ç†script: https://static-1.metaso.cn/_next/static/chunks/26398-05513588d3cef515.js -> /static/metaso_files/26398-05513588d3cef515.js
[2025-08-23T15:53:51.446Z] [DEBUG] [DEV] å¤„ç†script: https://static-1.metaso.cn/_next/static/chunks/55833-6406fd7ec03d6acb.js -> /static/metaso_files/55833-6406fd7ec03d6acb.js
[2025-08-23T15:53:51.446Z] [DEBUG] [DEV] å¤„ç†script: https://static-1.metaso.cn/_next/static/chunks/62917-52155ba65d9f8208.js -> /static/metaso_files/62917-52155ba65d9f8208.js
[2025-08-23T15:53:51.446Z] [DEBUG] [DEV] å¤„ç†script: https://static-1.metaso.cn/_next/static/chunks/41004-d52697c2d60f8594.js -> /static/metaso_files/41004-d52697c2d60f8594.js
[2025-08-23T15:53:51.446Z] [DEBUG] [DEV] å¤„ç†script: https://static-1.metaso.cn/_next/static/chunks/98255-0e84f29371bc9b95.js -> /static/metaso_files/98255-0e84f29371bc9b95.js
[2025-08-23T15:53:51.446Z] [DEBUG] [DEV] å¤„ç†script: https://static-1.metaso.cn/_next/static/chunks/96839-e953ea051366db54.js -> /static/metaso_files/96839-e953ea051366db54.js
[2025-08-23T15:53:51.446Z] [DEBUG] [DEV] å¤„ç†script: https://static-1.metaso.cn/_next/static/chunks/75181-042b360dff41e72b.js -> /static/metaso_files/75181-042b360dff41e72b.js
[2025-08-23T15:53:51.446Z] [DEBUG] [DEV] å¤„ç†script: https://static-1.metaso.cn/_next/static/chunks/63796-528aed1bda8f18c5.js -> /static/metaso_files/63796-528aed1bda8f18c5.js
[2025-08-23T15:53:51.446Z] [DEBUG] [DEV] å¤„ç†script: https://static-1.metaso.cn/_next/static/chunks/98323-e04969d9fa4c0abf.js -> /static/metaso_files/98323-e04969d9fa4c0abf.js
[2025-08-23T15:53:51.446Z] [DEBUG] [DEV] å¤„ç†script: https://static-1.metaso.cn/_next/static/chunks/49735-bc72059598627bd5.js -> /static/metaso_files/49735-bc72059598627bd5.js
[2025-08-23T15:53:51.446Z] [DEBUG] [DEV] å¤„ç†script: https://static-1.metaso.cn/_next/static/chunks/72789-b2286c61da67248c.js -> /static/metaso_files/72789-b2286c61da67248c.js
[2025-08-23T15:53:51.446Z] [DEBUG] [DEV] å¤„ç†script: https://static-1.metaso.cn/_next/static/chunks/57500-ce45105e4f34f863.js -> /static/metaso_files/57500-ce45105e4f34f863.js
[2025-08-23T15:53:51.446Z] [DEBUG] [DEV] å¤„ç†script: https://static-1.metaso.cn/_next/static/chunks/22200-453fc379614ae1f9.js -> /static/metaso_files/22200-453fc379614ae1f9.js
[2025-08-23T15:53:51.446Z] [DEBUG] [DEV] å¤„ç†script: https://static-1.metaso.cn/_next/static/chunks/24321-0ad8bc2d66eb4276.js -> /static/metaso_files/24321-0ad8bc2d66eb4276.js
[2025-08-23T15:53:51.446Z] [DEBUG] [DEV] å¤„ç†script: https://static-1.metaso.cn/_next/static/chunks/app/(pages)/(menu-attached)/search/@desktop/%5Bid%5D/page-1890cfca2ac0a417.js -> /static/metaso_files/page-1890cfca2ac0a417.js
[2025-08-23T15:53:51.447Z] [DEBUG] [DEV] å¤„ç†script: https://static-1.metaso.cn/_next/static/chunks/42456-1a18ff358ae70e5d.js -> /static/metaso_files/42456-1a18ff358ae70e5d.js
[2025-08-23T15:53:51.447Z] [DEBUG] [DEV] å¤„ç†script: https://static-1.metaso.cn/_next/static/chunks/51227-10f1152d55598053.js -> /static/metaso_files/51227-10f1152d55598053.js
[2025-08-23T15:53:51.447Z] [DEBUG] [DEV] å¤„ç†script: https://static-1.metaso.cn/_next/static/chunks/45897-6260c2eb4f3cf00c.js -> /static/metaso_files/45897-6260c2eb4f3cf00c.js
[2025-08-23T15:53:51.447Z] [DEBUG] [DEV] å¤„ç†script: https://static-1.metaso.cn/_next/static/chunks/app/(pages)/(menu-attached)/search/@desktop/layout-d31d00d9ee6c6712.js -> /static/metaso_files/layout-d31d00d9ee6c6712.js
[2025-08-23T15:53:51.447Z] [DEBUG] [DEV] å¤„ç†script: https://static-1.metaso.cn/_next/static/chunks/21634-1267da96237012fb.js -> /static/metaso_files/21634-1267da96237012fb.js
[2025-08-23T15:53:51.447Z] [DEBUG] [DEV] å¤„ç†script: https://static-1.metaso.cn/_next/static/chunks/42845-eebe67fdba475f01.js -> /static/metaso_files/42845-eebe67fdba475f01.js
[2025-08-23T15:53:51.447Z] [DEBUG] [DEV] å¤„ç†script: https://static-1.metaso.cn/_next/static/chunks/58509-381458e4d1c1369f.js -> /static/metaso_files/58509-381458e4d1c1369f.js
[2025-08-23T15:53:51.447Z] [DEBUG] [DEV] å¤„ç†script: https://static-1.metaso.cn/_next/static/chunks/88821-0b8fd5c500dbf775.js -> /static/metaso_files/88821-0b8fd5c500dbf775.js
[2025-08-23T15:53:51.447Z] [DEBUG] [DEV] å¤„ç†script: https://static-1.metaso.cn/_next/static/chunks/14449-13d11eeadab5850e.js -> /static/metaso_files/14449-13d11eeadab5850e.js
[2025-08-23T15:53:51.447Z] [DEBUG] [DEV] å¤„ç†script: https://static-1.metaso.cn/_next/static/chunks/35322-dabb174be6cec3e0.js -> /static/metaso_files/35322-dabb174be6cec3e0.js
[2025-08-23T15:53:51.447Z] [DEBUG] [DEV] å¤„ç†script: https://static-1.metaso.cn/_next/static/chunks/app/(pages)/(menu-attached)/search/@h5/%5Bid%5D/page-c95060c4f484d91f.js -> /static/metaso_files/page-c95060c4f484d91f.js
[2025-08-23T15:53:51.447Z] [DEBUG] [DEV] å¤„ç†script: https://static-1.metaso.cn/_next/static/chunks/92275-13118fb400e247f0.js -> /static/metaso_files/92275-13118fb400e247f0.js
[2025-08-23T15:53:51.447Z] [DEBUG] [DEV] å¤„ç†script: https://static-1.metaso.cn/_next/static/chunks/app/(pages)/(menu-attached)/search/@h5/layout-f0f7873d2c3d6290.js -> /static/metaso_files/layout-f0f7873d2c3d6290.js
[2025-08-23T15:53:51.447Z] [DEBUG] [DEV] å¤„ç†script: https://static-1.metaso.cn/_next/static/chunks/80930-2f8a4b32ef9b89e2.js -> /static/metaso_files/80930-2f8a4b32ef9b89e2.js
[2025-08-23T15:53:51.447Z] [DEBUG] [DEV] å¤„ç†script: https://static-1.metaso.cn/_next/static/chunks/83678-d021cb9f41ddf69a.js -> /static/metaso_files/83678-d021cb9f41ddf69a.js
[2025-08-23T15:53:51.447Z] [DEBUG] [DEV] å¤„ç†script: https://static-1.metaso.cn/_next/static/chunks/95242-b6efc69a06a744bb.js -> /static/metaso_files/95242-b6efc69a06a744bb.js
[2025-08-23T15:53:51.447Z] [DEBUG] [DEV] å¤„ç†script: https://static-1.metaso.cn/_next/static/chunks/8050-4d526233d6f6639c.js -> /static/metaso_files/8050-4d526233d6f6639c.js
[2025-08-23T15:53:51.447Z] [DEBUG] [DEV] å¤„ç†script: https://static-1.metaso.cn/_next/static/chunks/app/layout-439be5ffd6462862.js -> /static/metaso_files/layout-439be5ffd6462862.js
[2025-08-23T15:53:51.447Z] [DEBUG] [DEV] å¤„ç†script: https://static-1.metaso.cn/_next/static/chunks/app/error-5d467d474a20d678.js -> /static/metaso_files/error-5d467d474a20d678.js
[2025-08-23T15:53:51.447Z] [DEBUG] [DEV] å¤„ç†script: https://static-1.metaso.cn/_next/static/chunks/app/not-found-bb700398128e3868.js -> /static/metaso_files/not-found-bb700398128e3868.js
[2025-08-23T15:53:51.447Z] [DEBUG] [DEV] å¤„ç†script: https://static-1.metaso.cn/_next/static/chunks/polyfills-42372ed130431b0a.js -> /static/metaso_files/polyfills-42372ed130431b0a.js
[2025-08-23T15:53:51.447Z] [DEBUG] [DEV] å¤„ç†script: https://static-1.metaso.cn/_next/static/chunks/webpack-17c73cae451c159a.js -> /static/metaso_files/webpack-17c73cae451c159a.js
[2025-08-23T15:53:51.447Z] [DEBUG] [DEV] å¤„ç†image: https://static-1.metaso.cn/_next/static/media/app-qrcode.f8820aee.png -> /static/metaso_files/app-qrcode.f8820aee.png
[2025-08-23T15:53:51.448Z] [DEBUG] [DEV] æ›´æ–°çŽ°æœ‰Preload: https://static-1.metaso.cn/_next/static/media/app-qrcode.f8820aee.png -> /static/metaso_files/app-qrcode.f8820aee.png
[2025-08-23T15:53:51.448Z] [DEBUG] [DEV] æ›´æ–°çŽ°æœ‰Preload: https://static-1.metaso.cn/_next/static/chunks/webpack-17c73cae451c159a.js -> /static/metaso_files/webpack-17c73cae451c159a.js
[2025-08-23T15:53:51.448Z] [DEBUG] [DEV] æ›´æ–°çŽ°æœ‰Preload: https://static-1.metaso.cn/_next/static/css/bd5b9b900ff73748.css -> /static/metaso_files/bd5b9b900ff73748.css
[2025-08-23T15:53:51.448Z] [DEBUG] [DEV] æ›´æ–°çŽ°æœ‰Preload: https://static-1.metaso.cn/_next/static/css/845fd60b7210a8df.css -> /static/metaso_files/845fd60b7210a8df.css
[2025-08-23T15:53:51.448Z] [DEBUG] [DEV] æ›´æ–°çŽ°æœ‰Preload: https://static-1.metaso.cn/_next/static/css/c37340727ca4fe15.css -> /static/metaso_files/c37340727ca4fe15.css
[2025-08-23T15:53:51.448Z] [DEBUG] [DEV] æ›´æ–°çŽ°æœ‰Preload: https://static-1.metaso.cn/_next/static/css/bd224fb7654c882d.css -> /static/metaso_files/bd224fb7654c882d.css
[2025-08-23T15:53:51.448Z] [DEBUG] [DEV] æ›´æ–°çŽ°æœ‰Preload: https://static-1.metaso.cn/static/tex-mml-chtml.js -> /static/metaso_files/tex-mml-chtml.js
[2025-08-23T15:53:51.448Z] [DEBUG] [DEV] æ›´æ–°çŽ°æœ‰Preload: https://static-1.metaso.cn/static/polyfill.js -> /static/metaso_files/polyfill.js
[2025-08-23T15:53:51.448Z] [DEBUG] [DEV] æ›´æ–°çŽ°æœ‰Preload: https://static-1.metaso.cn/static/serviceWorkerRegister.js -> /static/metaso_files/serviceWorkerRegister.js
[2025-08-23T15:53:51.449Z] [DEBUG] [DEV] æ›´æ–°çŽ°æœ‰Preload: https://static-1.metaso.cn/usermaven/lib.js -> /static/metaso_files/usermaven/lib.js
[2025-08-23T15:53:51.449Z] [DEBUG] [DEV] æ›´æ–°çŽ°æœ‰Preload: https://static-1.metaso.cn/static/init.js -> /static/metaso_files/init.js
[2025-08-23T15:53:51.460Z] [INFO] [DEV] å·²æ›¿æ¢ 119 ä¸ªé™æ€èµ„æºè·¯å¾„
[2025-08-23T15:53:51.460Z] [INFO] [DEV] æ·»åŠ äº† 106 ä¸ªé¢„åŠ è½½é“¾æŽ¥
å·²æ³¨å…¥iframeå…¼å®¹æ€§è„šæœ¬
å·²æ³¨å…¥å¢žå¼ºç‰ˆè‡ªåŠ¨æœç´¢è„šæœ¬
HTMLå¤„ç†å®Œæˆ
Missing static file: /metaso_files/cf4ae6038b16b47c.css
Proxying missing file from: https://static-1.metaso.cn/_next/static/css/cf4ae6038b16b47c.css
Missing static file: /metaso_files/7fa01961addfec37.css
Proxying missing file from: https://static-1.metaso.cn/_next/static/css/7fa01961addfec37.css
Missing static file: /metaso_files/eda7cf23c5757d28.css
Proxying missing file from: https://static-1.metaso.cn/_next/static/css/eda7cf23c5757d28.css
Missing static file: /metaso_files/c300ab4cc6461f9a.css
Proxying missing file from: https://static-1.metaso.cn/_next/static/css/c300ab4cc6461f9a.css
Missing static file: /metaso_files/bd5b9b900ff73748.css
Proxying missing file from: https://static-1.metaso.cn/_next/static/css/bd5b9b900ff73748.css
Missing static file: /metaso_files/845fd60b7210a8df.css
Proxying missing file from: https://static-1.metaso.cn/_next/static/css/845fd60b7210a8df.css
Missing static file: /metaso_files/c37340727ca4fe15.css
Proxying missing file from: https://static-1.metaso.cn/_next/static/css/c37340727ca4fe15.css
Missing static file: /metaso_files/bd224fb7654c882d.css
Proxying missing file from: https://static-1.metaso.cn/_next/static/css/bd224fb7654c882d.css
Missing static file: /metaso_files/layout-f0f7873d2c3d6290.js
Proxying missing file from: https://static-1.metaso.cn/_next/static/chunks/app/layout-f0f7873d2c3d6290.js
Missing static file: /metaso_files/page-c95060c4f484d91f.js
Proxying missing file from: https://static-1.metaso.cn/_next/static/chunks/app/page-c95060c4f484d91f.js
Missing static file: /metaso_files/layout-d31d00d9ee6c6712.js
Proxying missing file from: https://static-1.metaso.cn/_next/static/chunks/app/layout-d31d00d9ee6c6712.js
Missing static file: /metaso_files/page-1890cfca2ac0a417.js
Proxying missing file from: https://static-1.metaso.cn/_next/static/chunks/app/page-1890cfca2ac0a417.js
å·²ä¸ºAPIè¯·æ±‚ /api/ppt/config æ·»åŠ è®¤è¯ä¿¡æ¯ (Bearer mk-4A9944E6F3917711EFCF7B772BC3A5AE)

=== ä»£ç†è¯·æ±‚ /api/ppt/config ===

=== URLè·¯å¾„è§£æž ===
åŽŸå§‹è·¯å¾„: /api/ppt/config
åŽŸå§‹æŸ¥è¯¢å‚æ•°: {}
ç›®æ ‡è·¯å¾„: /api/ppt/config
===================

å·²ä¸ºAPIè¯·æ±‚ /api/chapter/setting æ·»åŠ è®¤è¯ä¿¡æ¯ (Bearer mk-4A9944E6F3917711EFCF7B772BC3A5AE)

=== ä»£ç†è¯·æ±‚ /api/chapter/setting ===

=== URLè·¯å¾„è§£æž ===
åŽŸå§‹è·¯å¾„: /api/chapter/setting
åŽŸå§‹æŸ¥è¯¢å‚æ•°: {}
ç›®æ ‡è·¯å¾„: /api/chapter/setting
===================

å·²ä¸ºAPIè¯·æ±‚ /api/metaso-ai-config æ·»åŠ è®¤è¯ä¿¡æ¯ (Bearer mk-4A9944E6F3917711EFCF7B772BC3A5AE)

=== ä»£ç†è¯·æ±‚ /api/metaso-ai-config ===

=== URLè·¯å¾„è§£æž ===
åŽŸå§‹è·¯å¾„: /api/metaso-ai-config
åŽŸå§‹æŸ¥è¯¢å‚æ•°: {}
ç›®æ ‡è·¯å¾„: /api/metaso-ai-config
===================

å·²ä¸ºAPIè¯·æ±‚ /api/presentation/config æ·»åŠ è®¤è¯ä¿¡æ¯ (Bearer mk-4A9944E6F3917711EFCF7B772BC3A5AE)

=== ä»£ç†è¯·æ±‚ /api/presentation/config ===

=== URLè·¯å¾„è§£æž ===
åŽŸå§‹è·¯å¾„: /api/presentation/config
åŽŸå§‹æŸ¥è¯¢å‚æ•°: {}
ç›®æ ‡è·¯å¾„: /api/presentation/config
===================

å·²ä¸ºAPIè¯·æ±‚ /api/presentation/config æ·»åŠ è®¤è¯ä¿¡æ¯ (Bearer mk-4A9944E6F3917711EFCF7B772BC3A5AE)

=== ä»£ç†è¯·æ±‚ /api/presentation/config ===

=== URLè·¯å¾„è§£æž ===
åŽŸå§‹è·¯å¾„: /api/presentation/config
åŽŸå§‹æŸ¥è¯¢å‚æ•°: {}
ç›®æ ‡è·¯å¾„: /api/presentation/config
===================

å·²ä¸ºAPIè¯·æ±‚ /api/search-history æ·»åŠ è®¤è¯ä¿¡æ¯ (Bearer mk-4A9944E6F3917711EFCF7B772BC3A5AE)

=== ä»£ç†è¯·æ±‚ /api/search-history ===

=== URLè·¯å¾„è§£æž ===
åŽŸå§‹è·¯å¾„: /api/search-history
åŽŸå§‹æŸ¥è¯¢å‚æ•°: { pageIndex: '0', pageSize: '10', extraTypes: '1' }
ðŸ“‹ ä¿ç•™å‚æ•°: pageIndex = 0
ðŸ“‹ ä¿ç•™å‚æ•°: pageSize = 10
ðŸ“‹ ä¿ç•™å‚æ•°: extraTypes = 1
ç›®æ ‡è·¯å¾„: /api/search-history?pageIndex=0&pageSize=10&extraTypes=1
===================

\n=== å¤„ç†å“åº”æ•°æ® /api/metaso-ai-config ===
Content-Type: application/json;charset=UTF-8
æ•°æ®å¤§å°: 3237
éžHTMLå“åº”ï¼Œç›´æŽ¥è¿”å›ž
å·²ä¸ºAPIè¯·æ±‚ /api/my-info æ·»åŠ è®¤è¯ä¿¡æ¯ (Bearer mk-4A9944E6F3917711EFCF7B772BC3A5AE)

=== ä»£ç†è¯·æ±‚ /api/my-info ===

=== URLè·¯å¾„è§£æž ===
åŽŸå§‹è·¯å¾„: /api/my-info
åŽŸå§‹æŸ¥è¯¢å‚æ•°: {}
ç›®æ ‡è·¯å¾„: /api/my-info
===================

\n=== å¤„ç†å“åº”æ•°æ® /api/presentation/config ===
Content-Type: application/json;charset=UTF-8
æ•°æ®å¤§å°: 99
éžHTMLå“åº”ï¼Œç›´æŽ¥è¿”å›ž
\n=== å¤„ç†å“åº”æ•°æ® /api/presentation/config ===
Content-Type: application/json;charset=UTF-8
æ•°æ®å¤§å°: 99
éžHTMLå“åº”ï¼Œç›´æŽ¥è¿”å›ž
\n=== å¤„ç†å“åº”æ•°æ® /api/chapter/setting ===
Content-Type: application/json;charset=UTF-8
æ•°æ®å¤§å°: 230
éžHTMLå“åº”ï¼Œç›´æŽ¥è¿”å›ž
å·²ä¸ºAPIè¯·æ±‚ /api/chapter/setting æ·»åŠ è®¤è¯ä¿¡æ¯ (Bearer mk-4A9944E6F3917711EFCF7B772BC3A5AE)

=== ä»£ç†è¯·æ±‚ /api/chapter/setting ===

=== URLè·¯å¾„è§£æž ===
åŽŸå§‹è·¯å¾„: /api/chapter/setting
åŽŸå§‹æŸ¥è¯¢å‚æ•°: {}
ç›®æ ‡è·¯å¾„: /api/chapter/setting
===================

å·²ä¸ºAPIè¯·æ±‚ /api/presentation/config æ·»åŠ è®¤è¯ä¿¡æ¯ (Bearer mk-4A9944E6F3917711EFCF7B772BC3A5AE)

=== ä»£ç†è¯·æ±‚ /api/presentation/config ===

=== URLè·¯å¾„è§£æž ===
åŽŸå§‹è·¯å¾„: /api/presentation/config
åŽŸå§‹æŸ¥è¯¢å‚æ•°: {}
ç›®æ ‡è·¯å¾„: /api/presentation/config
===================

\n=== å¤„ç†å“åº”æ•°æ® /api/search-history ===
Content-Type: application/json;charset=UTF-8
æ•°æ®å¤§å°: 6368
éžHTMLå“åº”ï¼Œç›´æŽ¥è¿”å›ž
\n=== å¤„ç†å“åº”æ•°æ® /api/my-info ===
Content-Type: application/json;charset=UTF-8
æ•°æ®å¤§å°: 1621
éžHTMLå“åº”ï¼Œç›´æŽ¥è¿”å›ž
ðŸ” [APIæ‹¦æˆª] æ‹¦æˆªåˆ°searchV2è¯·æ±‚
ðŸ” [APIæ‹¦æˆª] è¯·æ±‚æ–¹æ³•: POST
ðŸ” [APIæ‹¦æˆª] æŸ¥è¯¢å‚æ•°: {}
ðŸ” [APIæ‹¦æˆª] æ£€æµ‹åˆ°searchV2 APIè¯·æ±‚
ðŸ” [APIæ‹¦æˆª] ä»Žè¯·æ±‚ä¸­æå–å‚æ•°: { scope: undefined, kits: undefined }
å·²ä¸ºAPIè¯·æ±‚ /api/searchV2 æ·»åŠ è®¤è¯ä¿¡æ¯ (Bearer mk-4A9944E6F3917711EFCF7B772BC3A5AE)

=== ä»£ç†è¯·æ±‚ /api/searchV2 ===

=== URLè·¯å¾„è§£æž ===
åŽŸå§‹è·¯å¾„: /api/searchV2
åŽŸå§‹æŸ¥è¯¢å‚æ•°: {}
ç›®æ ‡è·¯å¾„: /api/searchV2
===================

ðŸ” [è¯·æ±‚ä½“æ‹¦æˆª] å¤„ç†searchV2è¯·æ±‚ä½“
ðŸ” [è¯·æ±‚ä½“æ‹¦æˆª] åŽŸå§‹è¯·æ±‚ä½“: {"question":"æŽ’æ²™æ´žè¿ç”¨é™åˆ¶æ¡ä»¶","mode":"detail","model":null,"engineType":"","scholarSearchDomain":"all","debug":false,"url":"http://localhost:10101/search/f44ae54d-6fd5-425e-8da1-687bfc5f5fb8?scope=%E6%B3%A5%E6%B2%99%E7%9F%A5%E8%AF%86&id=e37bff73-12ce-4f4d-bb2c-2fddfd78c67c&vscodeBrowserReqId=1755964430957&question=%E6%8E%92%E6%B2%99%E6%B4%9E%E8%BF%90%E7%94%A8%E9%99%90%E5%88%B6%E6%9D%A1%E4%BB%B6","lang":"zh","enableMix":true,"newEngine":true,"enableImage":true,"metaso-pc":"pc","token":"wr8+pHu3KYryzz0O2MaBSNUZbVLjLUYC1FR4sKqSW0qeZOke1HpHVvHnWSWOyhfu5xZLZ5mGLzHbkOVnt+joMoJO/7SRIQ38pa25LujOVQnbI5mtVv/Okj3k/IWZzrnOLzkT79sJByFwDkhzxIVhKQ=="}
ðŸ” [è¯·æ±‚ä½“æ‹¦æˆª] è§£æžåŽçš„æ•°æ®: {
  question: 'æŽ’æ²™æ´žè¿ç”¨é™åˆ¶æ¡ä»¶',
  mode: 'detail',
  model: null,
  engineType: '',
  scholarSearchDomain: 'all',
  debug: false,
  url: 'http://localhost:10101/search/f44ae54d-6fd5-425e-8da1-687bfc5f5fb8?scope=%E6%B3%A5%E6%B2%99%E7%9F%A5%E8%AF%86&id=e37bff73-12ce-4f4d-bb2c-2fddfd78c67c&vscodeBrowserReqId=1755964430957&question=%E6%8E%92%E6%B2%99%E6%B4%9E%E8%BF%90%E7%94%A8%E9%99%90%E5%88%B6%E6%9D%A1%E4%BB%B6',
  lang: 'zh',
  enableMix: true,
  newEngine: true,
  enableImage: true,
  'metaso-pc': 'pc',
  token: 'wr8+pHu3KYryzz0O2MaBSNUZbVLjLUYC1FR4sKqSW0qeZOke1HpHVvHnWSWOyhfu5xZLZ5mGLzHbkOVnt+joMoJO/7SRIQ38pa25LujOVQnbI5mtVv/Okj3k/IWZzrnOLzkT79sJByFwDkhzxIVhKQ=='
}
ðŸ” [è¯·æ±‚ä½“æ‹¦æˆª] ä¿®æ”¹åŽçš„è¯·æ±‚ä½“: {"question":"æŽ’æ²™æ´žè¿ç”¨é™åˆ¶æ¡ä»¶","mode":"detail","model":null,"engineType":"","scholarSearchDomain":"all","debug":false,"url":"http://localhost:10101/search/f44ae54d-6fd5-425e-8da1-687bfc5f5fb8?scope=%E6%B3%A5%E6%B2%99%E7%9F%A5%E8%AF%86&id=e37bff73-12ce-4f4d-bb2c-2fddfd78c67c&vscodeBrowserReqId=1755964430957&question=%E6%8E%92%E6%B2%99%E6%B4%9E%E8%BF%90%E7%94%A8%E9%99%90%E5%88%B6%E6%9D%A1%E4%BB%B6","lang":"zh","enableMix":true,"newEngine":true,"enableImage":true,"metaso-pc":"pc","token":"wr8+pHu3KYryzz0O2MaBSNUZbVLjLUYC1FR4sKqSW0qeZOke1HpHVvHnWSWOyhfu5xZLZ5mGLzHbkOVnt+joMoJO/7SRIQ38pa25LujOVQnbI5mtVv/Okj3k/IWZzrnOLzkT79sJByFwDkhzxIVhKQ=="}
å·²ä¸ºAPIè¯·æ±‚ /api/recently-used-topic æ·»åŠ è®¤è¯ä¿¡æ¯ (Bearer mk-4A9944E6F3917711EFCF7B772BC3A5AE)

=== ä»£ç†è¯·æ±‚ /api/recently-used-topic ===

=== URLè·¯å¾„è§£æž ===
åŽŸå§‹è·¯å¾„: /api/recently-used-topic
åŽŸå§‹æŸ¥è¯¢å‚æ•°: {}
ç›®æ ‡è·¯å¾„: /api/recently-used-topic
===================


=== ä»£ç†è¯·æ±‚ /image/wx-fallback-image.png ===

=== URLè·¯å¾„è§£æž ===
åŽŸå§‹è·¯å¾„: /image/wx-fallback-image.png
åŽŸå§‹æŸ¥è¯¢å‚æ•°: {}
ç›®æ ‡è·¯å¾„: /image/wx-fallback-image.png
===================

\n=== å¤„ç†å“åº”æ•°æ® /api/presentation/config ===
Content-Type: application/json;charset=UTF-8
æ•°æ®å¤§å°: 99
éžHTMLå“åº”ï¼Œç›´æŽ¥è¿”å›ž
\n=== å¤„ç†å“åº”æ•°æ® /api/ppt/config ===
Content-Type: application/json;charset=UTF-8
æ•°æ®å¤§å°: 159155
éžHTMLå“åº”ï¼Œç›´æŽ¥è¿”å›ž
å·²ä¸º/search/è¯·æ±‚å¤„ç†: /search/e2b6338a-5503-4c92-b1dd-d56914c95f85 å®Œæ•´URL: /search/e2b6338a-5503-4c92-b1dd-d56914c95f85?q=%E6%8E%92%E6%B2%99%E6%B4%9E%E8%BF%90%E7%94%A8%E9%99%90%E5%88%B6%E6%9D%A1%E4%BB%B6&_rsc=tttf2

=== ä»£ç†è¯·æ±‚ /search/e2b6338a-5503-4c92-b1dd-d56914c95f85 ===

=== URLè·¯å¾„è§£æž ===
åŽŸå§‹è·¯å¾„: /search/e2b6338a-5503-4c92-b1dd-d56914c95f85
åŽŸå§‹æŸ¥è¯¢å‚æ•°: { q: 'æŽ’æ²™æ´žè¿ç”¨é™åˆ¶æ¡ä»¶', _rsc: 'tttf2' }
ðŸ“‹ ä¿ç•™å‚æ•°: q = æŽ’æ²™æ´žè¿ç”¨é™åˆ¶æ¡ä»¶
ðŸ“‹ ä¿ç•™å‚æ•°: _rsc = tttf2
ç›®æ ‡è·¯å¾„: /search/e2b6338a-5503-4c92-b1dd-d56914c95f85?q=%E6%8E%92%E6%B2%99%E6%B4%9E%E8%BF%90%E7%94%A8%E9%99%90%E5%88%B6%E6%9D%A1%E4%BB%B6&_rsc=tttf2
===================

å·²ä¸ºAPIè¯·æ±‚ /api/ppt/user/info æ·»åŠ è®¤è¯ä¿¡æ¯ (Bearer mk-4A9944E6F3917711EFCF7B772BC3A5AE)

=== ä»£ç†è¯·æ±‚ /api/ppt/user/info ===

=== URLè·¯å¾„è§£æž ===
åŽŸå§‹è·¯å¾„: /api/ppt/user/info
åŽŸå§‹æŸ¥è¯¢å‚æ•°: {}
ç›®æ ‡è·¯å¾„: /api/ppt/user/info
===================

\n=== å¤„ç†å“åº”æ•°æ® /api/chapter/setting ===
Content-Type: application/json;charset=UTF-8
æ•°æ®å¤§å°: 230
éžHTMLå“åº”ï¼Œç›´æŽ¥è¿”å›ž
å·²ä¸ºAPIè¯·æ±‚ /api/ppt/config æ·»åŠ è®¤è¯ä¿¡æ¯ (Bearer mk-4A9944E6F3917711EFCF7B772BC3A5AE)

=== ä»£ç†è¯·æ±‚ /api/ppt/config ===

=== URLè·¯å¾„è§£æž ===
åŽŸå§‹è·¯å¾„: /api/ppt/config
åŽŸå§‹æŸ¥è¯¢å‚æ•°: {}
ç›®æ ‡è·¯å¾„: /api/ppt/config
===================


=== ä»£ç†è¯·æ±‚ /image/wx-fallback-image.png ===

=== URLè·¯å¾„è§£æž ===
åŽŸå§‹è·¯å¾„: /image/wx-fallback-image.png
åŽŸå§‹æŸ¥è¯¢å‚æ•°: {}
ç›®æ ‡è·¯å¾„: /image/wx-fallback-image.png
===================

\n=== å¤„ç†å“åº”æ•°æ® /search/e2b6338a-5503-4c92-b1dd-d56914c95f85 ===
Content-Type: text/x-component
æ•°æ®å¤§å°: 11935
éžHTMLå“åº”ï¼Œç›´æŽ¥è¿”å›ž
\n=== å¤„ç†å“åº”æ•°æ® /api/recently-used-topic ===
Content-Type: application/json;charset=UTF-8
æ•°æ®å¤§å°: 206
éžHTMLå“åº”ï¼Œç›´æŽ¥è¿”å›ž
å·²ä¸º/search/è¯·æ±‚å¤„ç†: /search/e2b6338a-5503-4c92-b1dd-d56914c95f85 å®Œæ•´URL: /search/e2b6338a-5503-4c92-b1dd-d56914c95f85?q=%E6%8E%92%E6%B2%99%E6%B4%9E%E8%BF%90%E7%94%A8%E9%99%90%E5%88%B6%E6%9D%A1%E4%BB%B6

=== ä»£ç†è¯·æ±‚ /search/e2b6338a-5503-4c92-b1dd-d56914c95f85 ===

=== URLè·¯å¾„è§£æž ===
åŽŸå§‹è·¯å¾„: /search/e2b6338a-5503-4c92-b1dd-d56914c95f85
åŽŸå§‹æŸ¥è¯¢å‚æ•°: { q: 'æŽ’æ²™æ´žè¿ç”¨é™åˆ¶æ¡ä»¶' }
ðŸ“‹ ä¿ç•™å‚æ•°: q = æŽ’æ²™æ´žè¿ç”¨é™åˆ¶æ¡ä»¶
ç›®æ ‡è·¯å¾„: /search/e2b6338a-5503-4c92-b1dd-d56914c95f85?q=%E6%8E%92%E6%B2%99%E6%B4%9E%E8%BF%90%E7%94%A8%E9%99%90%E5%88%B6%E6%9D%A1%E4%BB%B6
===================

\n=== å¤„ç†å“åº”æ•°æ® /api/ppt/user/info ===
Content-Type: application/json;charset=UTF-8
æ•°æ®å¤§å°: 144
éžHTMLå“åº”ï¼Œç›´æŽ¥è¿”å›ž
\n=== å¤„ç†å“åº”æ•°æ® /search/e2b6338a-5503-4c92-b1dd-d56914c95f85 ===
Content-Type: text/html; charset=utf-8
æ•°æ®å¤§å°: 128321
å¤„ç†HTMLå“åº”...
[2025-08-23T15:53:53.518Z] [INFO] [DEV] å¤„ç†HTMLè¯·æ±‚: /search/e2b6338a-5503-4c92-b1dd-d56914c95f85
[2025-08-23T15:53:53.519Z] [DEBUG] [DEV] å·²ç§»é™¤CSP metaæ ‡ç­¾
[2025-08-23T15:53:53.519Z] [DEBUG] [DEV] å·²ä¿®æ”¹é¡µé¢æ ‡é¢˜
[2025-08-23T15:53:53.519Z] [DEBUG] [DEV] å·²ä¿®æ”¹metaæè¿°
[2025-08-23T15:53:53.519Z] [DEBUG] [DEV] å·²ç§»é™¤å¹¿å‘Šç›¸å…³metaæ ‡ç­¾
[2025-08-23T15:53:53.519Z] [DEBUG] [DEV] å·²ç§»é™¤å¹¿å‘Šç›¸å…³metaæ ‡ç­¾
[2025-08-23T15:53:53.520Z] [DEBUG] [DEV] å·²æ ‡è®°apple-touch-iconä¸ºéšè—
[2025-08-23T15:53:53.520Z] [INFO] [DEV] å¤„ç†é¡µé¢: /search/e2b6338a-5503-4c92-b1dd-d56914c95f85ï¼Œæ³¨å…¥é€šç”¨æŽˆæƒè„šæœ¬...
[2025-08-23T15:53:53.520Z] [INFO] [DEV] å·²ä¸ºé¡µé¢ /search/e2b6338a-5503-4c92-b1dd-d56914c95f85 æ³¨å…¥é€šç”¨æŽˆæƒè„šæœ¬
[2025-08-23T15:53:53.521Z] [INFO] [DEV] è·³è¿‡æœåŠ¡ç«¯CSSæ³¨å…¥ä»¥é¿å…React hydrationå†²çª
[2025-08-23T15:53:53.521Z] [INFO] [DEV] å·²æ³¨å…¥é¡µé¢ä¼˜åŒ–CSS
[2025-08-23T15:53:53.521Z] [DEBUG] [DEV] å¤„ç†style: https://static-1.metaso.cn/_next/static/css/44be927df5c0115a.css -> /static/metaso_files/44be927df5c0115a.css
[2025-08-23T15:53:53.521Z] [DEBUG] [DEV] å¤„ç†style: https://static-1.metaso.cn/_next/static/css/718de369b3718e96.css -> /static/metaso_files/718de369b3718e96.css
[2025-08-23T15:53:53.521Z] [DEBUG] [DEV] å¤„ç†style: https://static-1.metaso.cn/_next/static/css/06379910118566c4.css -> /static/metaso_files/06379910118566c4.css
[2025-08-23T15:53:53.521Z] [DEBUG] [DEV] å¤„ç†style: https://static-1.metaso.cn/_next/static/css/4b981a1c10fc7662.css -> /static/metaso_files/4b981a1c10fc7662.css
[2025-08-23T15:53:53.521Z] [DEBUG] [DEV] å¤„ç†style: https://static-1.metaso.cn/_next/static/css/c7b14dd3464bc6bc.css -> /static/metaso_files/c7b14dd3464bc6bc.css
[2025-08-23T15:53:53.521Z] [DEBUG] [DEV] å¤„ç†style: https://static-1.metaso.cn/_next/static/css/fd9c8f1a1f156022.css -> /static/metaso_files/fd9c8f1a1f156022.css
[2025-08-23T15:53:53.521Z] [DEBUG] [DEV] å¤„ç†style: https://static-1.metaso.cn/_next/static/css/4380e58d55dc1754.css -> /static/metaso_files/4380e58d55dc1754.css
[2025-08-23T15:53:53.521Z] [DEBUG] [DEV] å¤„ç†style: https://static-1.metaso.cn/_next/static/css/476371466b81ac5d.css -> /static/metaso_files/476371466b81ac5d.css
[2025-08-23T15:53:53.521Z] [DEBUG] [DEV] å¤„ç†style: https://static-1.metaso.cn/_next/static/css/4d03c0b85e741e00.css -> /static/metaso_files/4d03c0b85e741e00.css
[2025-08-23T15:53:53.521Z] [DEBUG] [DEV] å¤„ç†style: https://static-1.metaso.cn/_next/static/css/1c9d5a7fe24f080c.css -> /static/metaso_files/1c9d5a7fe24f080c.css
[2025-08-23T15:53:53.521Z] [DEBUG] [DEV] å¤„ç†style: https://static-1.metaso.cn/_next/static/css/17397bcee0f1d8e4.css -> /static/metaso_files/17397bcee0f1d8e4.css
[2025-08-23T15:53:53.521Z] [DEBUG] [DEV] å¤„ç†style: https://static-1.metaso.cn/_next/static/css/6355515e57be4dec.css -> /static/metaso_files/6355515e57be4dec.css
[2025-08-23T15:53:53.521Z] [DEBUG] [DEV] å¤„ç†style: https://static-1.metaso.cn/_next/static/css/989728043fb16b13.css -> /static/metaso_files/989728043fb16b13.css
[2025-08-23T15:53:53.521Z] [DEBUG] [DEV] å¤„ç†style: https://static-1.metaso.cn/_next/static/css/a63b41ff574c0551.css -> /static/metaso_files/a63b41ff574c0551.css
[2025-08-23T15:53:53.521Z] [DEBUG] [DEV] å¤„ç†style: https://static-1.metaso.cn/_next/static/css/c300ab4cc6461f9a.css -> /static/metaso_files/c300ab4cc6461f9a.css
[2025-08-23T15:53:53.521Z] [DEBUG] [DEV] å¤„ç†style: https://static-1.metaso.cn/_next/static/css/eda7cf23c5757d28.css -> /static/metaso_files/eda7cf23c5757d28.css
[2025-08-23T15:53:53.521Z] [DEBUG] [DEV] å¤„ç†style: https://static-1.metaso.cn/_next/static/css/7fa01961addfec37.css -> /static/metaso_files/7fa01961addfec37.css
[2025-08-23T15:53:53.521Z] [DEBUG] [DEV] å¤„ç†style: https://static-1.metaso.cn/_next/static/css/cf4ae6038b16b47c.css -> /static/metaso_files/cf4ae6038b16b47c.css
[2025-08-23T15:53:53.521Z] [DEBUG] [DEV] å¤„ç†style: https://static-1.metaso.cn/static/all.min.css -> /static/metaso_files/all.min.css
[2025-08-23T15:53:53.521Z] [DEBUG] [DEV] å¤„ç†script: https://static-1.metaso.cn/_next/static/chunks/23362-2bb0da0da92b2600.js -> /static/metaso_files/23362-2bb0da0da92b2600.js
[2025-08-23T15:53:53.521Z] [DEBUG] [DEV] å¤„ç†script: https://static-1.metaso.cn/_next/static/chunks/main-app-20a8b302c38c77ce.js -> /static/metaso_files/main-app-20a8b302c38c77ce.js
[2025-08-23T15:53:53.521Z] [DEBUG] [DEV] å¤„ç†script: https://static-1.metaso.cn/_next/static/chunks/67254-940a8aed57bbb279.js -> /static/metaso_files/67254-940a8aed57bbb279.js
[2025-08-23T15:53:53.521Z] [DEBUG] [DEV] å¤„ç†script: https://static-1.metaso.cn/_next/static/chunks/78693-05c8cf67f35a8eed.js -> /static/metaso_files/78693-05c8cf67f35a8eed.js
[2025-08-23T15:53:53.521Z] [DEBUG] [DEV] å¤„ç†script: https://static-1.metaso.cn/_next/static/chunks/78130-d0ec469e513f9de9.js -> /static/metaso_files/78130-d0ec469e513f9de9.js
[2025-08-23T15:53:53.521Z] [DEBUG] [DEV] å¤„ç†script: https://static-1.metaso.cn/_next/static/chunks/46387-6e0fee05ba56d019.js -> /static/metaso_files/46387-6e0fee05ba56d019.js
[2025-08-23T15:53:53.521Z] [DEBUG] [DEV] å¤„ç†script: https://static-1.metaso.cn/_next/static/chunks/53410-acd62d5acfd208da.js -> /static/metaso_files/53410-acd62d5acfd208da.js
[2025-08-23T15:53:53.521Z] [DEBUG] [DEV] å¤„ç†script: https://static-1.metaso.cn/_next/static/chunks/57587-7d6ac5ec8af7492a.js -> /static/metaso_files/57587-7d6ac5ec8af7492a.js
[2025-08-23T15:53:53.521Z] [DEBUG] [DEV] å¤„ç†script: https://static-1.metaso.cn/_next/static/chunks/80871-180e9c8413e9b6c5.js -> /static/metaso_files/80871-180e9c8413e9b6c5.js
[2025-08-23T15:53:53.522Z] [DEBUG] [DEV] å¤„ç†script: https://static-1.metaso.cn/_next/static/chunks/34138-120e14937936bc12.js -> /static/metaso_files/34138-120e14937936bc12.js
[2025-08-23T15:53:53.522Z] [DEBUG] [DEV] å¤„ç†script: https://static-1.metaso.cn/_next/static/chunks/94746-33392302932de045.js -> /static/metaso_files/94746-33392302932de045.js
[2025-08-23T15:53:53.522Z] [DEBUG] [DEV] å¤„ç†script: https://static-1.metaso.cn/_next/static/chunks/77919-44f58c1942b36fa1.js -> /static/metaso_files/77919-44f58c1942b36fa1.js
[2025-08-23T15:53:53.522Z] [DEBUG] [DEV] å¤„ç†script: https://static-1.metaso.cn/_next/static/chunks/64293-d29ae411186ce204.js -> /static/metaso_files/64293-d29ae411186ce204.js
[2025-08-23T15:53:53.522Z] [DEBUG] [DEV] å¤„ç†script: https://static-1.metaso.cn/_next/static/chunks/94786-e6414b968c83da1e.js -> /static/metaso_files/94786-e6414b968c83da1e.js
[2025-08-23T15:53:53.522Z] [DEBUG] [DEV] å¤„ç†script: https://static-1.metaso.cn/_next/static/chunks/32525-c966770c9b915c07.js -> /static/metaso_files/32525-c966770c9b915c07.js
[2025-08-23T15:53:53.522Z] [DEBUG] [DEV] å¤„ç†script: https://static-1.metaso.cn/_next/static/chunks/90077-8e04ae93aae0934b.js -> /static/metaso_files/90077-8e04ae93aae0934b.js
[2025-08-23T15:53:53.522Z] [DEBUG] [DEV] å¤„ç†script: https://static-1.metaso.cn/_next/static/chunks/39155-2b2920d93a1d04b3.js -> /static/metaso_files/39155-2b2920d93a1d04b3.js
[2025-08-23T15:53:53.522Z] [DEBUG] [DEV] å¤„ç†script: https://static-1.metaso.cn/_next/static/chunks/59832-d49e6d9b6d1bf30d.js -> /static/metaso_files/59832-d49e6d9b6d1bf30d.js
[2025-08-23T15:53:53.522Z] [DEBUG] [DEV] å¤„ç†script: https://static-1.metaso.cn/_next/static/chunks/71632-29f7b73a9b9a2d7d.js -> /static/metaso_files/71632-29f7b73a9b9a2d7d.js
[2025-08-23T15:53:53.522Z] [DEBUG] [DEV] å¤„ç†script: https://static-1.metaso.cn/_next/static/chunks/72972-67fd37e31d8b098f.js -> /static/metaso_files/72972-67fd37e31d8b098f.js
[2025-08-23T15:53:53.522Z] [DEBUG] [DEV] å¤„ç†script: https://static-1.metaso.cn/_next/static/chunks/15438-6e53d6b116a19592.js -> /static/metaso_files/15438-6e53d6b116a19592.js
[2025-08-23T15:53:53.522Z] [DEBUG] [DEV] å¤„ç†script: https://static-1.metaso.cn/_next/static/chunks/33145-2a36d6e88abb2b4e.js -> /static/metaso_files/33145-2a36d6e88abb2b4e.js
[2025-08-23T15:53:53.522Z] [DEBUG] [DEV] å¤„ç†script: https://static-1.metaso.cn/_next/static/chunks/53335-0a6762024c63fc4d.js -> /static/metaso_files/53335-0a6762024c63fc4d.js
[2025-08-23T15:53:53.522Z] [DEBUG] [DEV] å¤„ç†script: https://static-1.metaso.cn/_next/static/chunks/46746-29296ab7666d15cb.js -> /static/metaso_files/46746-29296ab7666d15cb.js
[2025-08-23T15:53:53.522Z] [DEBUG] [DEV] å¤„ç†script: https://static-1.metaso.cn/_next/static/chunks/48467-12d5ea2a65c4de94.js -> /static/metaso_files/48467-12d5ea2a65c4de94.js
[2025-08-23T15:53:53.522Z] [DEBUG] [DEV] å¤„ç†script: https://static-1.metaso.cn/_next/static/chunks/52657-2208096816534d17.js -> /static/metaso_files/52657-2208096816534d17.js
[2025-08-23T15:53:53.522Z] [DEBUG] [DEV] å¤„ç†script: https://static-1.metaso.cn/_next/static/chunks/35398-74b134348dfc1c52.js -> /static/metaso_files/35398-74b134348dfc1c52.js
[2025-08-23T15:53:53.522Z] [DEBUG] [DEV] å¤„ç†script: https://static-1.metaso.cn/_next/static/chunks/97404-8a7a9c5121263977.js -> /static/metaso_files/97404-8a7a9c5121263977.js
[2025-08-23T15:53:53.522Z] [DEBUG] [DEV] å¤„ç†script: https://static-1.metaso.cn/_next/static/chunks/32796-0811ab2626a72d4d.js -> /static/metaso_files/32796-0811ab2626a72d4d.js
[2025-08-23T15:53:53.522Z] [DEBUG] [DEV] å¤„ç†script: https://static-1.metaso.cn/_next/static/chunks/99205-8204b6fafb4fb2dd.js -> /static/metaso_files/99205-8204b6fafb4fb2dd.js
[2025-08-23T15:53:53.522Z] [DEBUG] [DEV] å¤„ç†script: https://static-1.metaso.cn/_next/static/chunks/10638-7d443197d5f76134.js -> /static/metaso_files/10638-7d443197d5f76134.js
[2025-08-23T15:53:53.522Z] [DEBUG] [DEV] å¤„ç†script: https://static-1.metaso.cn/_next/static/chunks/43646-cc5bbe3d173714f4.js -> /static/metaso_files/43646-cc5bbe3d173714f4.js
[2025-08-23T15:53:53.522Z] [DEBUG] [DEV] å¤„ç†script: https://static-1.metaso.cn/_next/static/chunks/10261-0f67b2c549a22b5a.js -> /static/metaso_files/10261-0f67b2c549a22b5a.js
[2025-08-23T15:53:53.522Z] [DEBUG] [DEV] å¤„ç†script: https://static-1.metaso.cn/_next/static/chunks/48022-e77d84c657c8ee89.js -> /static/metaso_files/48022-e77d84c657c8ee89.js
[2025-08-23T15:53:53.522Z] [DEBUG] [DEV] å¤„ç†script: https://static-1.metaso.cn/_next/static/chunks/30470-d5cc180baac1e423.js -> /static/metaso_files/30470-d5cc180baac1e423.js
[2025-08-23T15:53:53.522Z] [DEBUG] [DEV] å¤„ç†script: https://static-1.metaso.cn/_next/static/chunks/71342-2379156689aeb593.js -> /static/metaso_files/71342-2379156689aeb593.js
[2025-08-23T15:53:53.522Z] [DEBUG] [DEV] å¤„ç†script: https://static-1.metaso.cn/_next/static/chunks/42905-61102521bc5f34d6.js -> /static/metaso_files/42905-61102521bc5f34d6.js
[2025-08-23T15:53:53.522Z] [DEBUG] [DEV] å¤„ç†script: https://static-1.metaso.cn/_next/static/chunks/87909-654eca7681cd0754.js -> /static/metaso_files/87909-654eca7681cd0754.js
[2025-08-23T15:53:53.522Z] [DEBUG] [DEV] å¤„ç†script: https://static-1.metaso.cn/_next/static/chunks/92799-07acc92217cb6486.js -> /static/metaso_files/92799-07acc92217cb6486.js
[2025-08-23T15:53:53.522Z] [DEBUG] [DEV] å¤„ç†script: https://static-1.metaso.cn/_next/static/chunks/98266-5f4431951c77e57f.js -> /static/metaso_files/98266-5f4431951c77e57f.js
[2025-08-23T15:53:53.522Z] [DEBUG] [DEV] å¤„ç†script: https://static-1.metaso.cn/_next/static/chunks/4274-360f07a52b91cd74.js -> /static/metaso_files/4274-360f07a52b91cd74.js
[2025-08-23T15:53:53.522Z] [DEBUG] [DEV] å¤„ç†script: https://static-1.metaso.cn/_next/static/chunks/53820-dd0182663e98f9c7.js -> /static/metaso_files/53820-dd0182663e98f9c7.js
[2025-08-23T15:53:53.522Z] [DEBUG] [DEV] å¤„ç†script: https://static-1.metaso.cn/_next/static/chunks/83724-20a034ff183c52e5.js -> /static/metaso_files/83724-20a034ff183c52e5.js
[2025-08-23T15:53:53.522Z] [DEBUG] [DEV] å¤„ç†script: https://static-1.metaso.cn/_next/static/chunks/26948-96bdce4bb05194d8.js -> /static/metaso_files/26948-96bdce4bb05194d8.js
[2025-08-23T15:53:53.522Z] [DEBUG] [DEV] å¤„ç†script: https://static-1.metaso.cn/_next/static/chunks/95171-4bc92e1041a71fcb.js -> /static/metaso_files/95171-4bc92e1041a71fcb.js
[2025-08-23T15:53:53.522Z] [DEBUG] [DEV] å¤„ç†script: https://static-1.metaso.cn/_next/static/chunks/96339-f2b90b54fe6dade5.js -> /static/metaso_files/96339-f2b90b54fe6dade5.js
[2025-08-23T15:53:53.522Z] [DEBUG] [DEV] å¤„ç†script: https://static-1.metaso.cn/_next/static/chunks/15708-687166351a7c980b.js -> /static/metaso_files/15708-687166351a7c980b.js
[2025-08-23T15:53:53.522Z] [DEBUG] [DEV] å¤„ç†script: https://static-1.metaso.cn/_next/static/chunks/88872-f9eec766d850e20a.js -> /static/metaso_files/88872-f9eec766d850e20a.js
[2025-08-23T15:53:53.522Z] [DEBUG] [DEV] å¤„ç†script: https://static-1.metaso.cn/_next/static/chunks/69161-32c467490f12c52c.js -> /static/metaso_files/69161-32c467490f12c52c.js
[2025-08-23T15:53:53.522Z] [DEBUG] [DEV] å¤„ç†script: https://static-1.metaso.cn/_next/static/chunks/84277-b77770e6e715cd3c.js -> /static/metaso_files/84277-b77770e6e715cd3c.js
[2025-08-23T15:53:53.522Z] [DEBUG] [DEV] å¤„ç†script: https://static-1.metaso.cn/_next/static/chunks/24757-d0cdc48925a30372.js -> /static/metaso_files/24757-d0cdc48925a30372.js
[2025-08-23T15:53:53.522Z] [DEBUG] [DEV] å¤„ç†script: https://static-1.metaso.cn/_next/static/chunks/26398-05513588d3cef515.js -> /static/metaso_files/26398-05513588d3cef515.js
[2025-08-23T15:53:53.522Z] [DEBUG] [DEV] å¤„ç†script: https://static-1.metaso.cn/_next/static/chunks/55833-6406fd7ec03d6acb.js -> /static/metaso_files/55833-6406fd7ec03d6acb.js
[2025-08-23T15:53:53.522Z] [DEBUG] [DEV] å¤„ç†script: https://static-1.metaso.cn/_next/static/chunks/62917-52155ba65d9f8208.js -> /static/metaso_files/62917-52155ba65d9f8208.js
[2025-08-23T15:53:53.522Z] [DEBUG] [DEV] å¤„ç†script: https://static-1.metaso.cn/_next/static/chunks/41004-d52697c2d60f8594.js -> /static/metaso_files/41004-d52697c2d60f8594.js
[2025-08-23T15:53:53.522Z] [DEBUG] [DEV] å¤„ç†script: https://static-1.metaso.cn/_next/static/chunks/98255-0e84f29371bc9b95.js -> /static/metaso_files/98255-0e84f29371bc9b95.js
[2025-08-23T15:53:53.522Z] [DEBUG] [DEV] å¤„ç†script: https://static-1.metaso.cn/_next/static/chunks/96839-e953ea051366db54.js -> /static/metaso_files/96839-e953ea051366db54.js
[2025-08-23T15:53:53.522Z] [DEBUG] [DEV] å¤„ç†script: https://static-1.metaso.cn/_next/static/chunks/75181-042b360dff41e72b.js -> /static/metaso_files/75181-042b360dff41e72b.js
[2025-08-23T15:53:53.522Z] [DEBUG] [DEV] å¤„ç†script: https://static-1.metaso.cn/_next/static/chunks/63796-528aed1bda8f18c5.js -> /static/metaso_files/63796-528aed1bda8f18c5.js
[2025-08-23T15:53:53.522Z] [DEBUG] [DEV] å¤„ç†script: https://static-1.metaso.cn/_next/static/chunks/98323-e04969d9fa4c0abf.js -> /static/metaso_files/98323-e04969d9fa4c0abf.js
[2025-08-23T15:53:53.522Z] [DEBUG] [DEV] å¤„ç†script: https://static-1.metaso.cn/_next/static/chunks/49735-bc72059598627bd5.js -> /static/metaso_files/49735-bc72059598627bd5.js
[2025-08-23T15:53:53.523Z] [DEBUG] [DEV] å¤„ç†script: https://static-1.metaso.cn/_next/static/chunks/72789-b2286c61da67248c.js -> /static/metaso_files/72789-b2286c61da67248c.js
[2025-08-23T15:53:53.523Z] [DEBUG] [DEV] å¤„ç†script: https://static-1.metaso.cn/_next/static/chunks/57500-ce45105e4f34f863.js -> /static/metaso_files/57500-ce45105e4f34f863.js
[2025-08-23T15:53:53.523Z] [DEBUG] [DEV] å¤„ç†script: https://static-1.metaso.cn/_next/static/chunks/22200-453fc379614ae1f9.js -> /static/metaso_files/22200-453fc379614ae1f9.js
[2025-08-23T15:53:53.523Z] [DEBUG] [DEV] å¤„ç†script: https://static-1.metaso.cn/_next/static/chunks/24321-0ad8bc2d66eb4276.js -> /static/metaso_files/24321-0ad8bc2d66eb4276.js
[2025-08-23T15:53:53.523Z] [DEBUG] [DEV] å¤„ç†script: https://static-1.metaso.cn/_next/static/chunks/app/(pages)/(menu-attached)/search/@desktop/%5Bid%5D/page-1890cfca2ac0a417.js -> /static/metaso_files/page-1890cfca2ac0a417.js
[2025-08-23T15:53:53.523Z] [DEBUG] [DEV] å¤„ç†script: https://static-1.metaso.cn/_next/static/chunks/42456-1a18ff358ae70e5d.js -> /static/metaso_files/42456-1a18ff358ae70e5d.js
[2025-08-23T15:53:53.523Z] [DEBUG] [DEV] å¤„ç†script: https://static-1.metaso.cn/_next/static/chunks/51227-10f1152d55598053.js -> /static/metaso_files/51227-10f1152d55598053.js
[2025-08-23T15:53:53.523Z] [DEBUG] [DEV] å¤„ç†script: https://static-1.metaso.cn/_next/static/chunks/45897-6260c2eb4f3cf00c.js -> /static/metaso_files/45897-6260c2eb4f3cf00c.js
[2025-08-23T15:53:53.523Z] [DEBUG] [DEV] å¤„ç†script: https://static-1.metaso.cn/_next/static/chunks/app/(pages)/(menu-attached)/search/@desktop/layout-d31d00d9ee6c6712.js -> /static/metaso_files/layout-d31d00d9ee6c6712.js
[2025-08-23T15:53:53.523Z] [DEBUG] [DEV] å¤„ç†script: https://static-1.metaso.cn/_next/static/chunks/21634-1267da96237012fb.js -> /static/metaso_files/21634-1267da96237012fb.js
[2025-08-23T15:53:53.523Z] [DEBUG] [DEV] å¤„ç†script: https://static-1.metaso.cn/_next/static/chunks/42845-eebe67fdba475f01.js -> /static/metaso_files/42845-eebe67fdba475f01.js
[2025-08-23T15:53:53.523Z] [DEBUG] [DEV] å¤„ç†script: https://static-1.metaso.cn/_next/static/chunks/58509-381458e4d1c1369f.js -> /static/metaso_files/58509-381458e4d1c1369f.js
[2025-08-23T15:53:53.523Z] [DEBUG] [DEV] å¤„ç†script: https://static-1.metaso.cn/_next/static/chunks/88821-0b8fd5c500dbf775.js -> /static/metaso_files/88821-0b8fd5c500dbf775.js
[2025-08-23T15:53:53.523Z] [DEBUG] [DEV] å¤„ç†script: https://static-1.metaso.cn/_next/static/chunks/14449-13d11eeadab5850e.js -> /static/metaso_files/14449-13d11eeadab5850e.js
[2025-08-23T15:53:53.523Z] [DEBUG] [DEV] å¤„ç†script: https://static-1.metaso.cn/_next/static/chunks/35322-dabb174be6cec3e0.js -> /static/metaso_files/35322-dabb174be6cec3e0.js
[2025-08-23T15:53:53.523Z] [DEBUG] [DEV] å¤„ç†script: https://static-1.metaso.cn/_next/static/chunks/app/(pages)/(menu-attached)/search/@h5/%5Bid%5D/page-c95060c4f484d91f.js -> /static/metaso_files/page-c95060c4f484d91f.js
[2025-08-23T15:53:53.523Z] [DEBUG] [DEV] å¤„ç†script: https://static-1.metaso.cn/_next/static/chunks/92275-13118fb400e247f0.js -> /static/metaso_files/92275-13118fb400e247f0.js
[2025-08-23T15:53:53.523Z] [DEBUG] [DEV] å¤„ç†script: https://static-1.metaso.cn/_next/static/chunks/app/(pages)/(menu-attached)/search/@h5/layout-f0f7873d2c3d6290.js -> /static/metaso_files/layout-f0f7873d2c3d6290.js
[2025-08-23T15:53:53.523Z] [DEBUG] [DEV] å¤„ç†script: https://static-1.metaso.cn/_next/static/chunks/80930-2f8a4b32ef9b89e2.js -> /static/metaso_files/80930-2f8a4b32ef9b89e2.js
[2025-08-23T15:53:53.523Z] [DEBUG] [DEV] å¤„ç†script: https://static-1.metaso.cn/_next/static/chunks/83678-d021cb9f41ddf69a.js -> /static/metaso_files/83678-d021cb9f41ddf69a.js
[2025-08-23T15:53:53.523Z] [DEBUG] [DEV] å¤„ç†script: https://static-1.metaso.cn/_next/static/chunks/95242-b6efc69a06a744bb.js -> /static/metaso_files/95242-b6efc69a06a744bb.js
[2025-08-23T15:53:53.523Z] [DEBUG] [DEV] å¤„ç†script: https://static-1.metaso.cn/_next/static/chunks/8050-4d526233d6f6639c.js -> /static/metaso_files/8050-4d526233d6f6639c.js
[2025-08-23T15:53:53.523Z] [DEBUG] [DEV] å¤„ç†script: https://static-1.metaso.cn/_next/static/chunks/app/layout-439be5ffd6462862.js -> /static/metaso_files/layout-439be5ffd6462862.js
[2025-08-23T15:53:53.523Z] [DEBUG] [DEV] å¤„ç†script: https://static-1.metaso.cn/_next/static/chunks/app/error-5d467d474a20d678.js -> /static/metaso_files/error-5d467d474a20d678.js
[2025-08-23T15:53:53.523Z] [DEBUG] [DEV] å¤„ç†script: https://static-1.metaso.cn/_next/static/chunks/app/not-found-bb700398128e3868.js -> /static/metaso_files/not-found-bb700398128e3868.js
[2025-08-23T15:53:53.523Z] [DEBUG] [DEV] å¤„ç†script: https://static-1.metaso.cn/_next/static/chunks/polyfills-42372ed130431b0a.js -> /static/metaso_files/polyfills-42372ed130431b0a.js
[2025-08-23T15:53:53.524Z] [DEBUG] [DEV] å¤„ç†script: https://static-1.metaso.cn/_next/static/chunks/webpack-17c73cae451c159a.js -> /static/metaso_files/webpack-17c73cae451c159a.js
[2025-08-23T15:53:53.524Z] [DEBUG] [DEV] å¤„ç†image: https://static-1.metaso.cn/_next/static/media/app-qrcode.f8820aee.png -> /static/metaso_files/app-qrcode.f8820aee.png
[2025-08-23T15:53:53.524Z] [DEBUG] [DEV] æ›´æ–°çŽ°æœ‰Preload: https://static-1.metaso.cn/_next/static/media/app-qrcode.f8820aee.png -> /static/metaso_files/app-qrcode.f8820aee.png
[2025-08-23T15:53:53.524Z] [DEBUG] [DEV] æ›´æ–°çŽ°æœ‰Preload: https://static-1.metaso.cn/_next/static/chunks/webpack-17c73cae451c159a.js -> /static/metaso_files/webpack-17c73cae451c159a.js
[2025-08-23T15:53:53.524Z] [DEBUG] [DEV] æ›´æ–°çŽ°æœ‰Preload: https://static-1.metaso.cn/_next/static/css/bd5b9b900ff73748.css -> /static/metaso_files/bd5b9b900ff73748.css
[2025-08-23T15:53:53.524Z] [DEBUG] [DEV] æ›´æ–°çŽ°æœ‰Preload: https://static-1.metaso.cn/_next/static/css/845fd60b7210a8df.css -> /static/metaso_files/845fd60b7210a8df.css
[2025-08-23T15:53:53.524Z] [DEBUG] [DEV] æ›´æ–°çŽ°æœ‰Preload: https://static-1.metaso.cn/_next/static/css/c37340727ca4fe15.css -> /static/metaso_files/c37340727ca4fe15.css
[2025-08-23T15:53:53.524Z] [DEBUG] [DEV] æ›´æ–°çŽ°æœ‰Preload: https://static-1.metaso.cn/_next/static/css/bd224fb7654c882d.css -> /static/metaso_files/bd224fb7654c882d.css
[2025-08-23T15:53:53.524Z] [DEBUG] [DEV] æ›´æ–°çŽ°æœ‰Preload: https://static-1.metaso.cn/static/tex-mml-chtml.js -> /static/metaso_files/tex-mml-chtml.js
[2025-08-23T15:53:53.524Z] [DEBUG] [DEV] æ›´æ–°çŽ°æœ‰Preload: https://static-1.metaso.cn/static/polyfill.js -> /static/metaso_files/polyfill.js
[2025-08-23T15:53:53.524Z] [DEBUG] [DEV] æ›´æ–°çŽ°æœ‰Preload: https://static-1.metaso.cn/static/serviceWorkerRegister.js -> /static/metaso_files/serviceWorkerRegister.js
[2025-08-23T15:53:53.524Z] [DEBUG] [DEV] æ›´æ–°çŽ°æœ‰Preload: https://static-1.metaso.cn/usermaven/lib.js -> /static/metaso_files/usermaven/lib.js
[2025-08-23T15:53:53.524Z] [DEBUG] [DEV] æ›´æ–°çŽ°æœ‰Preload: https://static-1.metaso.cn/static/init.js -> /static/metaso_files/init.js
[2025-08-23T15:53:53.540Z] [INFO] [DEV] å·²æ›¿æ¢ 119 ä¸ªé™æ€èµ„æºè·¯å¾„
[2025-08-23T15:53:53.540Z] [INFO] [DEV] æ·»åŠ äº† 106 ä¸ªé¢„åŠ è½½é“¾æŽ¥
å·²æ³¨å…¥iframeå…¼å®¹æ€§è„šæœ¬
å·²æ³¨å…¥å¢žå¼ºç‰ˆè‡ªåŠ¨æœç´¢è„šæœ¬
HTMLå¤„ç†å®Œæˆ
\n=== å¤„ç†å“åº”æ•°æ® /api/ppt/config ===
Content-Type: application/json;charset=UTF-8
æ•°æ®å¤§å°: 159155
éžHTMLå“åº”ï¼Œç›´æŽ¥è¿”å›ž
Missing static file: /metaso_files/cf4ae6038b16b47c.css
Proxying missing file from: https://static-1.metaso.cn/_next/static/css/cf4ae6038b16b47c.css
Missing static file: /metaso_files/7fa01961addfec37.css
Proxying missing file from: https://static-1.metaso.cn/_next/static/css/7fa01961addfec37.css
Missing static file: /metaso_files/eda7cf23c5757d28.css
Proxying missing file from: https://static-1.metaso.cn/_next/static/css/eda7cf23c5757d28.css
Missing static file: /metaso_files/bd5b9b900ff73748.css
Proxying missing file from: https://static-1.metaso.cn/_next/static/css/bd5b9b900ff73748.css
Missing static file: /metaso_files/c300ab4cc6461f9a.css
Proxying missing file from: https://static-1.metaso.cn/_next/static/css/c300ab4cc6461f9a.css
Missing static file: /metaso_files/845fd60b7210a8df.css
Proxying missing file from: https://static-1.metaso.cn/_next/static/css/845fd60b7210a8df.css
Missing static file: /metaso_files/c37340727ca4fe15.css
Proxying missing file from: https://static-1.metaso.cn/_next/static/css/c37340727ca4fe15.css
Missing static file: /metaso_files/bd224fb7654c882d.css
Proxying missing file from: https://static-1.metaso.cn/_next/static/css/bd224fb7654c882d.css
Missing static file: /metaso_files/layout-f0f7873d2c3d6290.js
Proxying missing file from: https://static-1.metaso.cn/_next/static/chunks/app/layout-f0f7873d2c3d6290.js
Missing static file: /metaso_files/page-c95060c4f484d91f.js
Proxying missing file from: https://static-1.metaso.cn/_next/static/chunks/app/page-c95060c4f484d91f.js
Missing static file: /metaso_files/layout-d31d00d9ee6c6712.js
Proxying missing file from: https://static-1.metaso.cn/_next/static/chunks/app/layout-d31d00d9ee6c6712.js
Missing static file: /metaso_files/page-1890cfca2ac0a417.js
Proxying missing file from: https://static-1.metaso.cn/_next/static/chunks/app/page-1890cfca2ac0a417.js
å·²ä¸ºAPIè¯·æ±‚ /api/ppt/config æ·»åŠ è®¤è¯ä¿¡æ¯ (Bearer mk-4A9944E6F3917711EFCF7B772BC3A5AE)

=== ä»£ç†è¯·æ±‚ /api/ppt/config ===

=== URLè·¯å¾„è§£æž ===
åŽŸå§‹è·¯å¾„: /api/ppt/config
åŽŸå§‹æŸ¥è¯¢å‚æ•°: {}
ç›®æ ‡è·¯å¾„: /api/ppt/config
===================

å·²ä¸ºAPIè¯·æ±‚ /api/presentation/config æ·»åŠ è®¤è¯ä¿¡æ¯ (Bearer mk-4A9944E6F3917711EFCF7B772BC3A5AE)

=== ä»£ç†è¯·æ±‚ /api/presentation/config ===

=== URLè·¯å¾„è§£æž ===
åŽŸå§‹è·¯å¾„: /api/presentation/config
åŽŸå§‹æŸ¥è¯¢å‚æ•°: {}
ç›®æ ‡è·¯å¾„: /api/presentation/config
===================

å·²ä¸ºAPIè¯·æ±‚ /api/chapter/setting æ·»åŠ è®¤è¯ä¿¡æ¯ (Bearer mk-4A9944E6F3917711EFCF7B772BC3A5AE)

=== ä»£ç†è¯·æ±‚ /api/chapter/setting ===

=== URLè·¯å¾„è§£æž ===
åŽŸå§‹è·¯å¾„: /api/chapter/setting
åŽŸå§‹æŸ¥è¯¢å‚æ•°: {}
ç›®æ ‡è·¯å¾„: /api/chapter/setting
===================

å·²ä¸ºAPIè¯·æ±‚ /api/metaso-ai-config æ·»åŠ è®¤è¯ä¿¡æ¯ (Bearer mk-4A9944E6F3917711EFCF7B772BC3A5AE)

=== ä»£ç†è¯·æ±‚ /api/metaso-ai-config ===

=== URLè·¯å¾„è§£æž ===
åŽŸå§‹è·¯å¾„: /api/metaso-ai-config
åŽŸå§‹æŸ¥è¯¢å‚æ•°: {}
ç›®æ ‡è·¯å¾„: /api/metaso-ai-config
===================

å·²ä¸ºAPIè¯·æ±‚ /api/search-history æ·»åŠ è®¤è¯ä¿¡æ¯ (Bearer mk-4A9944E6F3917711EFCF7B772BC3A5AE)

=== ä»£ç†è¯·æ±‚ /api/search-history ===

=== URLè·¯å¾„è§£æž ===
åŽŸå§‹è·¯å¾„: /api/search-history
åŽŸå§‹æŸ¥è¯¢å‚æ•°: { pageIndex: '0', pageSize: '10', extraTypes: '1' }
ðŸ“‹ ä¿ç•™å‚æ•°: pageIndex = 0
ðŸ“‹ ä¿ç•™å‚æ•°: pageSize = 10
ðŸ“‹ ä¿ç•™å‚æ•°: extraTypes = 1
ç›®æ ‡è·¯å¾„: /api/search-history?pageIndex=0&pageSize=10&extraTypes=1
===================

å·²ä¸ºAPIè¯·æ±‚ /api/my-info æ·»åŠ è®¤è¯ä¿¡æ¯ (Bearer mk-4A9944E6F3917711EFCF7B772BC3A5AE)

=== ä»£ç†è¯·æ±‚ /api/my-info ===

=== URLè·¯å¾„è§£æž ===
åŽŸå§‹è·¯å¾„: /api/my-info
åŽŸå§‹æŸ¥è¯¢å‚æ•°: {}
ç›®æ ‡è·¯å¾„: /api/my-info
===================

\n=== å¤„ç†å“åº”æ•°æ® /api/metaso-ai-config ===
Content-Type: application/json;charset=UTF-8
æ•°æ®å¤§å°: 3237
éžHTMLå“åº”ï¼Œç›´æŽ¥è¿”å›ž
å·²ä¸ºAPIè¯·æ±‚ /api/topic/simple æ·»åŠ è®¤è¯ä¿¡æ¯ (Bearer mk-4A9944E6F3917711EFCF7B772BC3A5AE)

=== ä»£ç†è¯·æ±‚ /api/topic/simple ===

=== URLè·¯å¾„è§£æž ===
åŽŸå§‹è·¯å¾„: /api/topic/simple
åŽŸå§‹æŸ¥è¯¢å‚æ•°: {}
ç›®æ ‡è·¯å¾„: /api/topic/simple
===================

\n=== å¤„ç†å“åº”æ•°æ® /api/presentation/config ===
Content-Type: application/json;charset=UTF-8
æ•°æ®å¤§å°: 99
éžHTMLå“åº”ï¼Œç›´æŽ¥è¿”å›ž
å·²ä¸ºAPIè¯·æ±‚ /api/presentation/config æ·»åŠ è®¤è¯ä¿¡æ¯ (Bearer mk-4A9944E6F3917711EFCF7B772BC3A5AE)

=== ä»£ç†è¯·æ±‚ /api/presentation/config ===

=== URLè·¯å¾„è§£æž ===
åŽŸå§‹è·¯å¾„: /api/presentation/config
åŽŸå§‹æŸ¥è¯¢å‚æ•°: {}
ç›®æ ‡è·¯å¾„: /api/presentation/config
===================

\n=== å¤„ç†å“åº”æ•°æ® /api/chapter/setting ===
Content-Type: application/json;charset=UTF-8
æ•°æ®å¤§å°: 230
éžHTMLå“åº”ï¼Œç›´æŽ¥è¿”å›ž
å·²ä¸ºAPIè¯·æ±‚ /api/chapter/setting æ·»åŠ è®¤è¯ä¿¡æ¯ (Bearer mk-4A9944E6F3917711EFCF7B772BC3A5AE)

=== ä»£ç†è¯·æ±‚ /api/chapter/setting ===

=== URLè·¯å¾„è§£æž ===
åŽŸå§‹è·¯å¾„: /api/chapter/setting
åŽŸå§‹æŸ¥è¯¢å‚æ•°: {}
ç›®æ ‡è·¯å¾„: /api/chapter/setting
===================

\n=== å¤„ç†å“åº”æ•°æ® /api/my-info ===
Content-Type: application/json;charset=UTF-8
æ•°æ®å¤§å°: 1621
éžHTMLå“åº”ï¼Œç›´æŽ¥è¿”å›ž
\n=== å¤„ç†å“åº”æ•°æ® /api/search-history ===
Content-Type: application/json;charset=UTF-8
æ•°æ®å¤§å°: 6368
éžHTMLå“åº”ï¼Œç›´æŽ¥è¿”å›ž
ðŸ” [APIæ‹¦æˆª] æ‹¦æˆªåˆ°searchV2è¯·æ±‚
ðŸ” [APIæ‹¦æˆª] è¯·æ±‚æ–¹æ³•: POST
ðŸ” [APIæ‹¦æˆª] æŸ¥è¯¢å‚æ•°: {}
ðŸ” [APIæ‹¦æˆª] æ£€æµ‹åˆ°searchV2 APIè¯·æ±‚
ðŸ” [APIæ‹¦æˆª] ä»Žè¯·æ±‚ä¸­æå–å‚æ•°: { scope: undefined, kits: undefined }
å·²ä¸ºAPIè¯·æ±‚ /api/searchV2 æ·»åŠ è®¤è¯ä¿¡æ¯ (Bearer mk-4A9944E6F3917711EFCF7B772BC3A5AE)

=== ä»£ç†è¯·æ±‚ /api/searchV2 ===

=== URLè·¯å¾„è§£æž ===
åŽŸå§‹è·¯å¾„: /api/searchV2
åŽŸå§‹æŸ¥è¯¢å‚æ•°: {}
ç›®æ ‡è·¯å¾„: /api/searchV2
===================

ðŸ” [è¯·æ±‚ä½“æ‹¦æˆª] å¤„ç†searchV2è¯·æ±‚ä½“
ðŸ” [è¯·æ±‚ä½“æ‹¦æˆª] åŽŸå§‹è¯·æ±‚ä½“: {"question":"æŽ’æ²™æ´žè¿ç”¨é™åˆ¶æ¡ä»¶","engineType":"","lang":"zh","mode":"detail","enableMix":true,"scholarSearchDomain":"all","debug":false,"expectedCurrentSessionSearchCount":1,"newEngine":true,"enableImage":true,"advanceMath":false,"model":null,"url":"http://localhost:10101/search/f44ae54d-6fd5-425e-8da1-687bfc5f5fb8?scope=%E6%B3%A5%E6%B2%99%E7%9F%A5%E8%AF%86&id=e37bff73-12ce-4f4d-bb2c-2fddfd78c67c&vscodeBrowserReqId=1755964430957&question=%E6%8E%92%E6%B2%99%E6%B4%9E%E8%BF%90%E7%94%A8%E9%99%90%E5%88%B6%E6%9D%A1%E4%BB%B6","metaso-pc":"pc","token":"wr8+pHu3KYryzz0O2MaBSNUZbVLjLUYC1FR4sKqSW0qeZOke1HpHVvHnWSWOyhfu7OUlFQci0qOcbsV0uy+IFl25dRfuC0nedSwX9z4LDFdXVpsI++qH+tiClGpflpd/sk4jg536G1GDYyPOWCUfHA=="}
ðŸ” [è¯·æ±‚ä½“æ‹¦æˆª] è§£æžåŽçš„æ•°æ®: {
  question: 'æŽ’æ²™æ´žè¿ç”¨é™åˆ¶æ¡ä»¶',
  engineType: '',
  lang: 'zh',
  mode: 'detail',
  enableMix: true,
  scholarSearchDomain: 'all',
  debug: false,
  expectedCurrentSessionSearchCount: 1,
  newEngine: true,
  enableImage: true,
  advanceMath: false,
  model: null,
  url: 'http://localhost:10101/search/f44ae54d-6fd5-425e-8da1-687bfc5f5fb8?scope=%E6%B3%A5%E6%B2%99%E7%9F%A5%E8%AF%86&id=e37bff73-12ce-4f4d-bb2c-2fddfd78c67c&vscodeBrowserReqId=1755964430957&question=%E6%8E%92%E6%B2%99%E6%B4%9E%E8%BF%90%E7%94%A8%E9%99%90%E5%88%B6%E6%9D%A1%E4%BB%B6',
  'metaso-pc': 'pc',
  token: 'wr8+pHu3KYryzz0O2MaBSNUZbVLjLUYC1FR4sKqSW0qeZOke1HpHVvHnWSWOyhfu7OUlFQci0qOcbsV0uy+IFl25dRfuC0nedSwX9z4LDFdXVpsI++qH+tiClGpflpd/sk4jg536G1GDYyPOWCUfHA=='
}
ðŸ” [è¯·æ±‚ä½“æ‹¦æˆª] ä¿®æ”¹åŽçš„è¯·æ±‚ä½“: {"question":"æŽ’æ²™æ´žè¿ç”¨é™åˆ¶æ¡ä»¶","engineType":"","lang":"zh","mode":"detail","enableMix":true,"scholarSearchDomain":"all","debug":false,"expectedCurrentSessionSearchCount":1,"newEngine":true,"enableImage":true,"advanceMath":false,"model":null,"url":"http://localhost:10101/search/f44ae54d-6fd5-425e-8da1-687bfc5f5fb8?scope=%E6%B3%A5%E6%B2%99%E7%9F%A5%E8%AF%86&id=e37bff73-12ce-4f4d-bb2c-2fddfd78c67c&vscodeBrowserReqId=1755964430957&question=%E6%8E%92%E6%B2%99%E6%B4%9E%E8%BF%90%E7%94%A8%E9%99%90%E5%88%B6%E6%9D%A1%E4%BB%B6","metaso-pc":"pc","token":"wr8+pHu3KYryzz0O2MaBSNUZbVLjLUYC1FR4sKqSW0qeZOke1HpHVvHnWSWOyhfu7OUlFQci0qOcbsV0uy+IFl25dRfuC0nedSwX9z4LDFdXVpsI++qH+tiClGpflpd/sk4jg536G1GDYyPOWCUfHA=="}
å·²ä¸ºAPIè¯·æ±‚ /api/recently-used-topic æ·»åŠ è®¤è¯ä¿¡æ¯ (Bearer mk-4A9944E6F3917711EFCF7B772BC3A5AE)

=== ä»£ç†è¯·æ±‚ /api/recently-used-topic ===

=== URLè·¯å¾„è§£æž ===
åŽŸå§‹è·¯å¾„: /api/recently-used-topic
åŽŸå§‹æŸ¥è¯¢å‚æ•°: {}
ç›®æ ‡è·¯å¾„: /api/recently-used-topic
===================

\n=== å¤„ç†å“åº”æ•°æ® /api/topic/simple ===
Content-Type: application/json;charset=UTF-8
æ•°æ®å¤§å°: 767
éžHTMLå“åº”ï¼Œç›´æŽ¥è¿”å›ž

=== ä»£ç†è¯·æ±‚ /image/wx-fallback-image.png ===

=== URLè·¯å¾„è§£æž ===
åŽŸå§‹è·¯å¾„: /image/wx-fallback-image.png
åŽŸå§‹æŸ¥è¯¢å‚æ•°: {}
ç›®æ ‡è·¯å¾„: /image/wx-fallback-image.png
===================

\n=== å¤„ç†å“åº”æ•°æ® /api/ppt/config ===
Content-Type: application/json;charset=UTF-8
æ•°æ®å¤§å°: 159155
éžHTMLå“åº”ï¼Œç›´æŽ¥è¿”å›ž
å·²ä¸ºAPIè¯·æ±‚ /api/ppt/user/info æ·»åŠ è®¤è¯ä¿¡æ¯ (Bearer mk-4A9944E6F3917711EFCF7B772BC3A5AE)

=== ä»£ç†è¯·æ±‚ /api/ppt/user/info ===

=== URLè·¯å¾„è§£æž ===
åŽŸå§‹è·¯å¾„: /api/ppt/user/info
åŽŸå§‹æŸ¥è¯¢å‚æ•°: {}
ç›®æ ‡è·¯å¾„: /api/ppt/user/info
===================

\n=== å¤„ç†å“åº”æ•°æ® /api/presentation/config ===
Content-Type: application/json;charset=UTF-8
æ•°æ®å¤§å°: 99
éžHTMLå“åº”ï¼Œç›´æŽ¥è¿”å›ž
å·²ä¸ºAPIè¯·æ±‚ /api/workflows/recently æ·»åŠ è®¤è¯ä¿¡æ¯ (Bearer mk-4A9944E6F3917711EFCF7B772BC3A5AE)

=== ä»£ç†è¯·æ±‚ /api/workflows/recently ===

=== URLè·¯å¾„è§£æž ===
åŽŸå§‹è·¯å¾„: /api/workflows/recently
åŽŸå§‹æŸ¥è¯¢å‚æ•°: {}
ç›®æ ‡è·¯å¾„: /api/workflows/recently
===================

å·²ä¸ºAPIè¯·æ±‚ /api/ppt/config æ·»åŠ è®¤è¯ä¿¡æ¯ (Bearer mk-4A9944E6F3917711EFCF7B772BC3A5AE)

=== ä»£ç†è¯·æ±‚ /api/ppt/config ===

=== URLè·¯å¾„è§£æž ===
åŽŸå§‹è·¯å¾„: /api/ppt/config
åŽŸå§‹æŸ¥è¯¢å‚æ•°: {}
ç›®æ ‡è·¯å¾„: /api/ppt/config
===================

\n=== å¤„ç†å“åº”æ•°æ® /api/chapter/setting ===
Content-Type: application/json;charset=UTF-8
æ•°æ®å¤§å°: 230
éžHTMLå“åº”ï¼Œç›´æŽ¥è¿”å›ž
å·²ä¸ºAPIè¯·æ±‚ /api/presentation/config æ·»åŠ è®¤è¯ä¿¡æ¯ (Bearer mk-4A9944E6F3917711EFCF7B772BC3A5AE)

=== ä»£ç†è¯·æ±‚ /api/presentation/config ===

=== URLè·¯å¾„è§£æž ===
åŽŸå§‹è·¯å¾„: /api/presentation/config
åŽŸå§‹æŸ¥è¯¢å‚æ•°: {}
ç›®æ ‡è·¯å¾„: /api/presentation/config
===================

\n=== å¤„ç†å“åº”æ•°æ® /api/recently-used-topic ===
Content-Type: application/json;charset=UTF-8
æ•°æ®å¤§å°: 206
éžHTMLå“åº”ï¼Œç›´æŽ¥è¿”å›ž

=== ä»£ç†è¯·æ±‚ /image/wx-fallback-image.png ===

=== URLè·¯å¾„è§£æž ===
åŽŸå§‹è·¯å¾„: /image/wx-fallback-image.png
åŽŸå§‹æŸ¥è¯¢å‚æ•°: {}
ç›®æ ‡è·¯å¾„: /image/wx-fallback-image.png
===================

\n=== å¤„ç†å“åº”æ•°æ® /api/workflows/recently ===
Content-Type: application/json;charset=UTF-8
æ•°æ®å¤§å°: 42
éžHTMLå“åº”ï¼Œç›´æŽ¥è¿”å›ž
\n=== å¤„ç†å“åº”æ•°æ® /api/ppt/user/info ===
Content-Type: application/json;charset=UTF-8
æ•°æ®å¤§å°: 144
éžHTMLå“åº”ï¼Œç›´æŽ¥è¿”å›ž
\n=== å¤„ç†å“åº”æ•°æ® /api/presentation/config ===
Content-Type: application/json;charset=UTF-8
æ•°æ®å¤§å°: 99
éžHTMLå“åº”ï¼Œç›´æŽ¥è¿”å›ž
\n=== å¤„ç†å“åº”æ•°æ® /api/ppt/config ===
Content-Type: application/json;charset=UTF-8
æ•°æ®å¤§å°: 159155
éžHTMLå“åº”ï¼Œç›´æŽ¥è¿”å›ž

=== ä»£ç†è¯·æ±‚ /serviceWorker.js ===

=== URLè·¯å¾„è§£æž ===
åŽŸå§‹è·¯å¾„: /serviceWorker.js
åŽŸå§‹æŸ¥è¯¢å‚æ•°: {}
ç›®æ ‡è·¯å¾„: /serviceWorker.js
===================

\n=== å¤„ç†å“åº”æ•°æ® /api/searchV2 ===
Content-Type: text/event-stream;charset=UTF-8
æ•°æ®å¤§å°: 80394
éžHTMLå“åº”ï¼Œç›´æŽ¥è¿”å›ž
å·²ä¸ºAPIè¯·æ±‚ /api/session/8647623979166642176/share-key æ·»åŠ è®¤è¯ä¿¡æ¯ (Bearer mk-4A9944E6F3917711EFCF7B772BC3A5AE)

=== ä»£ç†è¯·æ±‚ /api/session/8647623979166642176/share-key ===

=== URLè·¯å¾„è§£æž ===
åŽŸå§‹è·¯å¾„: /api/session/8647623979166642176/share-key
åŽŸå§‹æŸ¥è¯¢å‚æ•°: {}
ç›®æ ‡è·¯å¾„: /api/session/8647623979166642176/share-key
===================

å·²ä¸ºAPIè¯·æ±‚ /api/event-extraction æ·»åŠ è®¤è¯ä¿¡æ¯ (Bearer mk-4A9944E6F3917711EFCF7B772BC3A5AE)

=== ä»£ç†è¯·æ±‚ /api/event-extraction ===

=== URLè·¯å¾„è§£æž ===
åŽŸå§‹è·¯å¾„: /api/event-extraction
åŽŸå§‹æŸ¥è¯¢å‚æ•°: {}
ç›®æ ‡è·¯å¾„: /api/event-extraction
===================

å·²ä¸ºAPIè¯·æ±‚ /api/entity-extraction æ·»åŠ è®¤è¯ä¿¡æ¯ (Bearer mk-4A9944E6F3917711EFCF7B772BC3A5AE)

=== ä»£ç†è¯·æ±‚ /api/entity-extraction ===

=== URLè·¯å¾„è§£æž ===
åŽŸå§‹è·¯å¾„: /api/entity-extraction
åŽŸå§‹æŸ¥è¯¢å‚æ•°: {}
ç›®æ ‡è·¯å¾„: /api/entity-extraction
===================

å·²ä¸ºAPIè¯·æ±‚ /api/topic/simple æ·»åŠ è®¤è¯ä¿¡æ¯ (Bearer mk-4A9944E6F3917711EFCF7B772BC3A5AE)

=== ä»£ç†è¯·æ±‚ /api/topic/simple ===

=== URLè·¯å¾„è§£æž ===
åŽŸå§‹è·¯å¾„: /api/topic/simple
åŽŸå§‹æŸ¥è¯¢å‚æ•°: {}
ç›®æ ‡è·¯å¾„: /api/topic/simple
===================

å·²ä¸ºAPIè¯·æ±‚ /api/mind-mapping æ·»åŠ è®¤è¯ä¿¡æ¯ (Bearer mk-4A9944E6F3917711EFCF7B772BC3A5AE)

=== ä»£ç†è¯·æ±‚ /api/mind-mapping ===

=== URLè·¯å¾„è§£æž ===
åŽŸå§‹è·¯å¾„: /api/mind-mapping
åŽŸå§‹æŸ¥è¯¢å‚æ•°: {}
ç›®æ ‡è·¯å¾„: /api/mind-mapping
===================

\n=== å¤„ç†å“åº”æ•°æ® /api/session/8647623979166642176/share-key ===
Content-Type: application/json;charset=UTF-8
æ•°æ®å¤§å°: 127
éžHTMLå“åº”ï¼Œç›´æŽ¥è¿”å›ž
å·²ä¸ºAPIè¯·æ±‚ /api/session/8647623979166642176/share-key æ·»åŠ è®¤è¯ä¿¡æ¯ (Bearer mk-4A9944E6F3917711EFCF7B772BC3A5AE)

=== ä»£ç†è¯·æ±‚ /api/session/8647623979166642176/share-key ===

=== URLè·¯å¾„è§£æž ===
åŽŸå§‹è·¯å¾„: /api/session/8647623979166642176/share-key
åŽŸå§‹æŸ¥è¯¢å‚æ•°: {}
ç›®æ ‡è·¯å¾„: /api/session/8647623979166642176/share-key
===================

\n=== å¤„ç†å“åº”æ•°æ® /api/topic/simple ===
Content-Type: application/json;charset=UTF-8
æ•°æ®å¤§å°: 767
éžHTMLå“åº”ï¼Œç›´æŽ¥è¿”å›ž
\n=== å¤„ç†å“åº”æ•°æ® /api/searchV2 ===
Content-Type: text/event-stream;charset=UTF-8
æ•°æ®å¤§å°: 94770
éžHTMLå“åº”ï¼Œç›´æŽ¥è¿”å›ž
\n=== å¤„ç†å“åº”æ•°æ® /api/session/8647623979166642176/share-key ===
Content-Type: application/json;charset=UTF-8
æ•°æ®å¤§å°: 127
éžHTMLå“åº”ï¼Œç›´æŽ¥è¿”å›ž
\n=== å¤„ç†å“åº”æ•°æ® /api/event-extraction ===
Content-Type: application/json;charset=UTF-8
æ•°æ®å¤§å°: 730
éžHTMLå“åº”ï¼Œç›´æŽ¥è¿”å›ž
\n=== å¤„ç†å“åº”æ•°æ® /api/entity-extraction ===
Content-Type: application/json;charset=UTF-8
æ•°æ®å¤§å°: 987
éžHTMLå“åº”ï¼Œç›´æŽ¥è¿”å›ž
\n=== å¤„ç†å“åº”æ•°æ® /api/mind-mapping ===
Content-Type: application/json;charset=UTF-8
æ•°æ®å¤§å°: 1312
éžHTMLå“åº”ï¼Œç›´æŽ¥è¿”å›ž
å·²ä¸ºAPIè¯·æ±‚ /api/result/0198d7a2-ea92-73e0-b8b2-fd1953550490/ppt/num æ·»åŠ è®¤è¯ä¿¡æ¯ (Bearer mk-4A9944E6F3917711EFCF7B772BC3A5AE)

=== ä»£ç†è¯·æ±‚ /api/result/0198d7a2-ea92-73e0-b8b2-fd1953550490/ppt/num ===

=== URLè·¯å¾„è§£æž ===
åŽŸå§‹è·¯å¾„: /api/result/0198d7a2-ea92-73e0-b8b2-fd1953550490/ppt/num
åŽŸå§‹æŸ¥è¯¢å‚æ•°: {}
ç›®æ ‡è·¯å¾„: /api/result/0198d7a2-ea92-73e0-b8b2-fd1953550490/ppt/num
===================

\n=== å¤„ç†å“åº”æ•°æ® /api/result/0198d7a2-ea92-73e0-b8b2-fd1953550490/ppt/num ===
Content-Type: application/json;charset=UTF-8
æ•°æ®å¤§å°: 41
éžHTMLå“åº”ï¼Œç›´æŽ¥è¿”å›ž
å·²ä¸ºAPIè¯·æ±‚ /api/advance-usage æ·»åŠ è®¤è¯ä¿¡æ¯ (Bearer mk-4A9944E6F3917711EFCF7B772BC3A5AE)

=== ä»£ç†è¯·æ±‚ /api/advance-usage ===

=== URLè·¯å¾„è§£æž ===
åŽŸå§‹è·¯å¾„: /api/advance-usage
åŽŸå§‹æŸ¥è¯¢å‚æ•°: {}
ç›®æ ‡è·¯å¾„: /api/advance-usage
===================

å·²ä¸ºAPIè¯·æ±‚ /api/solve-problem-share-reward æ·»åŠ è®¤è¯ä¿¡æ¯ (Bearer mk-4A9944E6F3917711EFCF7B772BC3A5AE)

=== ä»£ç†è¯·æ±‚ /api/solve-problem-share-reward ===

=== URLè·¯å¾„è§£æž ===
åŽŸå§‹è·¯å¾„: /api/solve-problem-share-reward
åŽŸå§‹æŸ¥è¯¢å‚æ•°: {}
ç›®æ ‡è·¯å¾„: /api/solve-problem-share-reward
===================

å·²ä¸ºAPIè¯·æ±‚ /api/topic/simple æ·»åŠ è®¤è¯ä¿¡æ¯ (Bearer mk-4A9944E6F3917711EFCF7B772BC3A5AE)

=== ä»£ç†è¯·æ±‚ /api/topic/simple ===

=== URLè·¯å¾„è§£æž ===
åŽŸå§‹è·¯å¾„: /api/topic/simple
åŽŸå§‹æŸ¥è¯¢å‚æ•°: {}
ç›®æ ‡è·¯å¾„: /api/topic/simple
===================

å·²ä¸ºAPIè¯·æ±‚ /api/workflows/recently æ·»åŠ è®¤è¯ä¿¡æ¯ (Bearer mk-4A9944E6F3917711EFCF7B772BC3A5AE)

=== ä»£ç†è¯·æ±‚ /api/workflows/recently ===

=== URLè·¯å¾„è§£æž ===
åŽŸå§‹è·¯å¾„: /api/workflows/recently
åŽŸå§‹æŸ¥è¯¢å‚æ•°: {}
ç›®æ ‡è·¯å¾„: /api/workflows/recently
===================

\n=== å¤„ç†å“åº”æ•°æ® /api/advance-usage ===
Content-Type: application/json;charset=UTF-8
æ•°æ®å¤§å°: 198
éžHTMLå“åº”ï¼Œç›´æŽ¥è¿”å›ž
\n=== å¤„ç†å“åº”æ•°æ® /api/solve-problem-share-reward ===
Content-Type: application/json;charset=UTF-8
æ•°æ®å¤§å°: 42
éžHTMLå“åº”ï¼Œç›´æŽ¥è¿”å›ž
\n=== å¤„ç†å“åº”æ•°æ® /api/topic/simple ===
Content-Type: application/json;charset=UTF-8
æ•°æ®å¤§å°: 767
éžHTMLå“åº”ï¼Œç›´æŽ¥è¿”å›ž
\n=== å¤„ç†å“åº”æ•°æ® /api/workflows/recently ===
Content-Type: application/json;charset=UTF-8
æ•°æ®å¤§å°: 42
éžHTMLå“åº”ï¼Œç›´æŽ¥è¿”å›ž
